2025-09-05 05:26:13,447 [INFO] Activator:176 - 


2025-09-05 05:26:13,449 [INFO] Activator:177 - !SESSION log4j initialized
2025-09-05 05:26:15,244 [INFO] LogOutputStream:77 - [STDOUT_REDIRECT] 
2025-09-05 05:26:16,628 [INFO] ApplicationProperties:184 - Using Application install path: C:\ST\STM32CubeIDE_1.18.0\STM32CubeIDE\plugins\com.st.stm32cube.common.mx_6.14.0.202502271554
2025-09-05 05:26:16,638 [INFO] DbMcusXml:78 - Set database path to: C:\ST\STM32CubeIDE_1.18.0\STM32CubeIDE\plugins\com.st.stm32cube.common.mx_6.14.0.202502271554\\db\/mcu/
2025-09-05 05:26:16,638 [INFO] ApiDb:274 - Set plugin database path to: C:\ST\STM32CubeIDE_1.18.0\STM32CubeIDE\plugins\com.st.stm32cube.common.mx_6.14.0.202502271554\\db\/plugins/boardmanager/
2025-09-05 05:26:16,649 [WARN] ApiDb:259 - Overriding images path with different value:  => C:\ST\STM32CubeIDE_1.18.0\STM32CubeIDE\plugins\com.st.stm32cube.common.mx_6.14.0.202502271554\\db\/plugins/mcufinder/images/
2025-09-05 05:26:16,653 [INFO] ApiDb:250 - Set database path to: C:\Users\jaowe\.stmcufinder\plugins\mcufinder//mcu/
2025-09-05 05:26:16,653 [INFO] DbMcusAds:125 - Set database path to: C:\Users\jaowe\.stmcufinder\plugins\mcufinder//mcu/
2025-09-05 05:26:16,655 [INFO] CrossReferenceDbSqlite:203 - Set database path to: C:\Users\jaowe\.stmcufinder\plugins\mcufinder//mcu/cs/
2025-09-05 05:26:16,734 [INFO] RulesReader:64 - Compatibility file has been processed (301 Rules)
2025-09-05 05:26:16,781 [INFO] DbMcusXml:78 - Set database path to: C:\ST\STM32CubeIDE_1.18.0\STM32CubeIDE\plugins\com.st.stm32cube.common.mx_6.14.0.202502271554\\db\/mcu/
2025-09-05 05:26:16,781 [INFO] ApiDb:274 - Set plugin database path to: C:\ST\STM32CubeIDE_1.18.0\STM32CubeIDE\plugins\com.st.stm32cube.common.mx_6.14.0.202502271554\\db\/plugins/boardmanager/
2025-09-05 05:26:16,781 [INFO] ApiDb:261 - Set plugin images path to: C:\ST\STM32CubeIDE_1.18.0\STM32CubeIDE\plugins\com.st.stm32cube.common.mx_6.14.0.202502271554\\db\/plugins/mcufinder/images/
2025-09-05 05:26:16,781 [WARN] DbFile:41 - Overriding database path with different value: C:\Users\jaowe\.stmcufinder\plugins\mcufinder/ => C:\Users\jaowe\.stmcufinder\plugins\mcufinder
2025-09-05 05:26:16,781 [INFO] ApiDb:250 - Set database path to: C:\Users\jaowe\.stmcufinder\plugins\mcufinder//mcu/
2025-09-05 05:26:16,781 [WARN] DbFile:41 - Overriding database path with different value: C:\Users\jaowe\.stmcufinder\plugins\mcufinder/ => C:\Users\jaowe\.stmcufinder\plugins\mcufinder
2025-09-05 05:26:16,782 [INFO] DbMcusAds:125 - Set database path to: C:\Users\jaowe\.stmcufinder\plugins\mcufinder//mcu/
2025-09-05 05:26:16,782 [WARN] DbFile:41 - Overriding database path with different value: C:\Users\jaowe\.stmcufinder\plugins\mcufinder/ => C:\Users\jaowe\.stmcufinder\plugins\mcufinder
2025-09-05 05:26:16,782 [WARN] DbFile:41 - Overriding database path with different value: C:\Users\jaowe\.stmcufinder\plugins\mcufinder/ => C:\Users\jaowe\.stmcufinder\plugins\mcufinder
2025-09-05 05:26:16,782 [INFO] CrossReferenceDbSqlite:203 - Set database path to: C:\Users\jaowe\.stmcufinder\plugins\mcufinder//mcu/cs/
2025-09-05 05:26:16,826 [INFO] MainPanel:272 - HeapMemory: 268435456
2025-09-05 05:26:16,880 [INFO] DbMcusXml:78 - Set database path to: C:\ST\STM32CubeIDE_1.18.0\STM32CubeIDE\plugins\com.st.stm32cube.common.mx_6.14.0.202502271554\\db\/mcu/
2025-09-05 05:26:16,880 [INFO] ApiDb:274 - Set plugin database path to: C:\ST\STM32CubeIDE_1.18.0\STM32CubeIDE\plugins\com.st.stm32cube.common.mx_6.14.0.202502271554\\db\/plugins/boardmanager/
2025-09-05 05:26:16,880 [INFO] ApiDb:261 - Set plugin images path to: C:\ST\STM32CubeIDE_1.18.0\STM32CubeIDE\plugins\com.st.stm32cube.common.mx_6.14.0.202502271554\\db\/plugins/mcufinder/images/
2025-09-05 05:26:16,880 [WARN] DbFile:41 - Overriding database path with different value: C:\Users\jaowe\.stmcufinder\plugins\mcufinder/ => C:\Users\jaowe\.stmcufinder\plugins\mcufinder
2025-09-05 05:26:16,881 [INFO] ApiDb:250 - Set database path to: C:\Users\jaowe\.stmcufinder\plugins\mcufinder//mcu/
2025-09-05 05:26:16,881 [WARN] DbFile:41 - Overriding database path with different value: C:\Users\jaowe\.stmcufinder\plugins\mcufinder/ => C:\Users\jaowe\.stmcufinder\plugins\mcufinder
2025-09-05 05:26:16,881 [INFO] DbMcusAds:125 - Set database path to: C:\Users\jaowe\.stmcufinder\plugins\mcufinder//mcu/
2025-09-05 05:26:16,881 [WARN] DbFile:41 - Overriding database path with different value: C:\Users\jaowe\.stmcufinder\plugins\mcufinder/ => C:\Users\jaowe\.stmcufinder\plugins\mcufinder
2025-09-05 05:26:16,881 [WARN] DbFile:41 - Overriding database path with different value: C:\Users\jaowe\.stmcufinder\plugins\mcufinder/ => C:\Users\jaowe\.stmcufinder\plugins\mcufinder
2025-09-05 05:26:16,881 [INFO] CrossReferenceDbSqlite:203 - Set database path to: C:\Users\jaowe\.stmcufinder\plugins\mcufinder//mcu/cs/
2025-09-05 05:26:16,892 [INFO] ApplicationProperties:184 - Using Application install path: C:\ST\STM32CubeIDE_1.18.0\STM32CubeIDE\plugins\com.st.stm32cube.common.mx_6.14.0.202502271554
2025-09-05 05:26:16,893 [INFO] PluginManage:196 - Search for loadable plugins [exclusion list=, ]
2025-09-05 05:26:16,893 [INFO] PluginManage:310 - Check plugin analytics
2025-09-05 05:26:17,013 [INFO] AnalyticsPlugin:253 - Accepted Software Licenses: STM32CubeMX.6.14.0
2025-09-05 05:26:17,013 [INFO] AnalyticsPlugin:255 - Accepted CMSIS Pack Licenses: 
2025-09-05 05:26:17,013 [INFO] AnalyticsPlugin:257 - Accepted Firmware Licenses: FW.WB.1.22.0,FW.WB.1.23.0
2025-09-05 05:26:17,015 [INFO] PluginManage:359 - Loaded plugin analytics (category:tool,tabindex:-1)
2025-09-05 05:26:17,015 [INFO] PluginManage:310 - Check plugin cadmodel
2025-09-05 05:26:17,018 [INFO] CADModel:105 - Init CAD model plugin
2025-09-05 05:26:17,018 [INFO] PluginManage:359 - Loaded plugin cadmodel (category:power,tabindex:5)
2025-09-05 05:26:17,018 [INFO] PluginManage:310 - Check plugin clock
2025-09-05 05:26:17,025 [INFO] PluginManage:359 - Loaded plugin clock (category:base,tabindex:2)
2025-09-05 05:26:17,025 [INFO] PluginManage:310 - Check plugin ddr
2025-09-05 05:26:17,027 [INFO] PluginManage:359 - Loaded plugin ddr (category:tool,tabindex:6)
2025-09-05 05:26:17,027 [INFO] PluginManage:310 - Check plugin filemanager
2025-09-05 05:26:17,184 [INFO] PluginManage:359 - Loaded plugin filemanager (category:base,tabindex:10)
2025-09-05 05:26:17,184 [INFO] PluginManage:310 - Check plugin ipmanager
2025-09-05 05:26:17,189 [INFO] PluginManage:359 - Loaded plugin ipmanager (category:base,tabindex:5)
2025-09-05 05:26:17,189 [INFO] PluginManage:310 - Check plugin lpbam
2025-09-05 05:26:17,195 [INFO] PluginManage:359 - Loaded plugin lpbam (category:base,tabindex:0)
2025-09-05 05:26:17,195 [INFO] PluginManage:310 - Check plugin memorymap
2025-09-05 05:26:17,201 [INFO] PluginManage:359 - Loaded plugin memorymap (category:base,tabindex:4)
2025-09-05 05:26:17,202 [INFO] PluginManage:310 - Check plugin pinoutandconfiguration
2025-09-05 05:26:17,206 [INFO] PluginManage:359 - Loaded plugin pinoutandconfiguration (category:base,tabindex:1)
2025-09-05 05:26:17,206 [INFO] PluginManage:310 - Check plugin pinoutconfig
2025-09-05 05:26:17,262 [WARN] SupportedApi:132 - Cannot load RTOS API schema: s4s-elt-must-match.1: The content of 'definitions' must match (annotation?, (simpleType | complexType)?, (unique | key | keyref)*)). A problem was found starting at: attribute.
2025-09-05 05:26:17,345 [INFO] PluginManage:359 - Loaded plugin pinoutconfig (category:base,tabindex:0)
2025-09-05 05:26:17,345 [INFO] PluginManage:310 - Check plugin power
2025-09-05 05:26:17,350 [INFO] PluginManage:359 - Loaded plugin power (category:power,tabindex:4)
2025-09-05 05:26:17,350 [INFO] PluginManage:310 - Check plugin projectmanager
2025-09-05 05:26:17,360 [INFO] PluginManage:359 - Loaded plugin projectmanager (category:projectmanager,tabindex:4)
2025-09-05 05:26:17,360 [INFO] PluginManage:310 - Check plugin rif
2025-09-05 05:26:17,364 [INFO] PluginManage:359 - Loaded plugin rif (category:base,tabindex:3)
2025-09-05 05:26:17,365 [INFO] PluginManage:310 - Check plugin thirdparty
2025-09-05 05:26:17,450 [INFO] PluginManage:359 - Loaded plugin thirdparty (category:base,tabindex:-1)
2025-09-05 05:26:17,450 [INFO] PluginManage:310 - Check plugin tools
2025-09-05 05:26:17,450 [WARN] IntegrityCheckThread:84 - waiting for thirdparty lock release [integrity check]
2025-09-05 05:26:17,450 [INFO] IntegrityCheckThread:86 - entering critical section [integrity check]
2025-09-05 05:26:17,450 [INFO] ThirdPartyUpdaterWithRetryManager:70 - Updater plugin not ready yet. [1/15]
2025-09-05 05:26:17,452 [INFO] PluginManage:359 - Loaded plugin tools (category:base,tabindex:7)
2025-09-05 05:26:17,452 [INFO] PluginManage:310 - Check plugin tutovideos
2025-09-05 05:26:17,557 [INFO] PluginManage:359 - Loaded plugin tutovideos (category:base,tabindex:-1)
2025-09-05 05:26:17,557 [INFO] PluginManage:310 - Check plugin updater
2025-09-05 05:26:17,571 [INFO] PluginManage:359 - Loaded plugin updater (category:base,tabindex:12)
2025-09-05 05:26:17,571 [INFO] PluginManage:310 - Check plugin userauth
2025-09-05 05:26:17,573 [INFO] UserAuth:118 - Init User Auth plugin
2025-09-05 05:26:17,574 [INFO] PluginManage:359 - Loaded plugin userauth (category:base,tabindex:14)
2025-09-05 05:26:17,574 [INFO] PluginManage:283 - PluginManage : Loaded plugins [18]
2025-09-05 05:26:17,705 [INFO] PinOutPanel:1589 - setPackage(No Configuration,No Configuration)
2025-09-05 05:26:17,761 [INFO] CADModel:165 - CPN selected for project level
2025-09-05 05:26:17,761 [INFO] CADModel:114 - Register for checkConnection events
2025-09-05 05:26:17,771 [INFO] IPUIPlugin:80 - create IPUIPlugin
2025-09-05 05:26:17,771 [INFO] PluginManager:220 - loadIPPluginJar : add adc
2025-09-05 05:26:17,773 [INFO] IPUIPlugin:80 - create IPUIPlugin
2025-09-05 05:26:17,773 [INFO] PluginManager:220 - loadIPPluginJar : add aes
2025-09-05 05:26:17,774 [INFO] IPUIPlugin:80 - create IPUIPlugin
2025-09-05 05:26:17,775 [INFO] PluginManager:220 - loadIPPluginJar : add can
2025-09-05 05:26:17,776 [INFO] IPUIPlugin:80 - create IPUIPlugin
2025-09-05 05:26:17,776 [INFO] PluginManager:220 - loadIPPluginJar : add comp
2025-09-05 05:26:17,778 [INFO] IPUIPlugin:80 - create IPUIPlugin
2025-09-05 05:26:17,778 [INFO] PluginManager:220 - loadIPPluginJar : add cryp
2025-09-05 05:26:17,779 [INFO] IPUIPlugin:80 - create IPUIPlugin
2025-09-05 05:26:17,779 [INFO] PluginManager:220 - loadIPPluginJar : add ddr_ctrl_phy
2025-09-05 05:26:17,781 [INFO] IPUIPlugin:80 - create IPUIPlugin
2025-09-05 05:26:17,781 [INFO] PluginManager:220 - loadIPPluginJar : add dfsdm
2025-09-05 05:26:17,785 [INFO] IPUIPlugin:80 - create IPUIPlugin
2025-09-05 05:26:17,785 [INFO] PluginManager:220 - loadIPPluginJar : add dma
2025-09-05 05:26:17,786 [INFO] IPUIPlugin:80 - create IPUIPlugin
2025-09-05 05:26:17,786 [INFO] PluginManager:220 - loadIPPluginJar : add dma3
2025-09-05 05:26:17,788 [INFO] IPUIPlugin:80 - create IPUIPlugin
2025-09-05 05:26:17,788 [INFO] PluginManager:220 - loadIPPluginJar : add extmemmanager
2025-09-05 05:26:17,789 [INFO] IPUIPlugin:80 - create IPUIPlugin
2025-09-05 05:26:17,789 [INFO] PluginManager:220 - loadIPPluginJar : add fatfs
2025-09-05 05:26:17,792 [INFO] IPUIPlugin:80 - create IPUIPlugin
2025-09-05 05:26:17,792 [INFO] PluginManager:220 - loadIPPluginJar : add fmc
2025-09-05 05:26:17,796 [INFO] IPUIPlugin:80 - create IPUIPlugin
2025-09-05 05:26:17,796 [INFO] PluginManager:220 - loadIPPluginJar : add freertos
2025-09-05 05:26:17,797 [INFO] IPUIPlugin:80 - create IPUIPlugin
2025-09-05 05:26:17,797 [INFO] PluginManager:220 - loadIPPluginJar : add genericplugin
2025-09-05 05:26:17,798 [INFO] IPUIPlugin:80 - create IPUIPlugin
2025-09-05 05:26:17,799 [INFO] PluginManager:220 - loadIPPluginJar : add gfxmmu
2025-09-05 05:26:17,801 [INFO] IPUIPlugin:80 - create IPUIPlugin
2025-09-05 05:26:17,801 [INFO] PluginManager:220 - loadIPPluginJar : add gic
2025-09-05 05:26:17,804 [INFO] IPUIPlugin:80 - create IPUIPlugin
2025-09-05 05:26:17,804 [INFO] PluginManager:220 - loadIPPluginJar : add gpio
2025-09-05 05:26:17,806 [INFO] IPUIPlugin:80 - create IPUIPlugin
2025-09-05 05:26:17,806 [INFO] PluginManager:220 - loadIPPluginJar : add gtzc
2025-09-05 05:26:17,807 [INFO] IPUIPlugin:80 - create IPUIPlugin
2025-09-05 05:26:17,807 [INFO] PluginManager:220 - loadIPPluginJar : add hash
2025-09-05 05:26:17,809 [INFO] IPUIPlugin:80 - create IPUIPlugin
2025-09-05 05:26:17,809 [INFO] PluginManager:220 - loadIPPluginJar : add i2c
2025-09-05 05:26:17,811 [INFO] IPUIPlugin:80 - create IPUIPlugin
2025-09-05 05:26:17,811 [INFO] PluginManager:220 - loadIPPluginJar : add i2s
2025-09-05 05:26:17,813 [INFO] IPUIPlugin:80 - create IPUIPlugin
2025-09-05 05:26:17,813 [INFO] PluginManager:220 - loadIPPluginJar : add i3c
2025-09-05 05:26:17,815 [INFO] IPUIPlugin:80 - create IPUIPlugin
2025-09-05 05:26:17,815 [INFO] PluginManager:220 - loadIPPluginJar : add ipddr
2025-09-05 05:26:17,819 [INFO] IPUIPlugin:80 - create IPUIPlugin
2025-09-05 05:26:17,820 [INFO] PluginManager:220 - loadIPPluginJar : add linkedlist
2025-09-05 05:26:17,821 [INFO] IPUIPlugin:80 - create IPUIPlugin
2025-09-05 05:26:17,821 [INFO] PluginManager:220 - loadIPPluginJar : add lorawan
2025-09-05 05:26:17,822 [INFO] IPUIPlugin:80 - create IPUIPlugin
2025-09-05 05:26:17,822 [INFO] PluginManager:220 - loadIPPluginJar : add ltdc
2025-09-05 05:26:17,827 [INFO] IPUIPlugin:80 - create IPUIPlugin
2025-09-05 05:26:17,828 [INFO] PluginManager:220 - loadIPPluginJar : add mdma
2025-09-05 05:26:17,830 [INFO] IPUIPlugin:80 - create IPUIPlugin
2025-09-05 05:26:17,830 [INFO] PluginManager:220 - loadIPPluginJar : add nvic
2025-09-05 05:26:17,833 [INFO] IPUIPlugin:80 - create IPUIPlugin
2025-09-05 05:26:17,833 [INFO] PluginManager:220 - loadIPPluginJar : add opamp
2025-09-05 05:26:17,834 [INFO] IPUIPlugin:80 - create IPUIPlugin
2025-09-05 05:26:17,834 [INFO] PluginManager:220 - loadIPPluginJar : add openamp
2025-09-05 05:26:17,836 [INFO] IPUIPlugin:80 - create IPUIPlugin
2025-09-05 05:26:17,836 [INFO] PluginManager:220 - loadIPPluginJar : add pdm2pcm
2025-09-05 05:26:17,840 [INFO] IPUIPlugin:80 - create IPUIPlugin
2025-09-05 05:26:17,843 [INFO] PluginManager:220 - loadIPPluginJar : add plateformsettings
2025-09-05 05:26:17,845 [INFO] IPUIPlugin:80 - create IPUIPlugin
2025-09-05 05:26:17,845 [INFO] PluginManager:220 - loadIPPluginJar : add quadspi
2025-09-05 05:26:17,846 [INFO] IPUIPlugin:80 - create IPUIPlugin
2025-09-05 05:26:17,847 [INFO] PluginManager:220 - loadIPPluginJar : add radio
2025-09-05 05:26:17,849 [INFO] IPUIPlugin:80 - create IPUIPlugin
2025-09-05 05:26:17,849 [INFO] PluginManager:220 - loadIPPluginJar : add resmgrutility
2025-09-05 05:26:17,851 [INFO] IPUIPlugin:80 - create IPUIPlugin
2025-09-05 05:26:17,851 [INFO] PluginManager:220 - loadIPPluginJar : add sai
2025-09-05 05:26:17,852 [INFO] IPUIPlugin:80 - create IPUIPlugin
2025-09-05 05:26:17,853 [INFO] PluginManager:220 - loadIPPluginJar : add spi
2025-09-05 05:26:17,857 [INFO] IPUIPlugin:80 - create IPUIPlugin
2025-09-05 05:26:17,857 [INFO] PluginManager:220 - loadIPPluginJar : add stm32_wpan
2025-09-05 05:26:17,859 [INFO] IPUIPlugin:80 - create IPUIPlugin
2025-09-05 05:26:17,859 [INFO] PluginManager:220 - loadIPPluginJar : add tim
2025-09-05 05:26:17,862 [INFO] IPUIPlugin:80 - create IPUIPlugin
2025-09-05 05:26:17,863 [INFO] PluginManager:220 - loadIPPluginJar : add touchsensing
2025-09-05 05:26:17,864 [INFO] IPUIPlugin:80 - create IPUIPlugin
2025-09-05 05:26:17,864 [INFO] PluginManager:220 - loadIPPluginJar : add tracer_emb
2025-09-05 05:26:17,865 [INFO] IPUIPlugin:80 - create IPUIPlugin
2025-09-05 05:26:17,865 [INFO] PluginManager:220 - loadIPPluginJar : add ts
2025-09-05 05:26:17,866 [INFO] IPUIPlugin:80 - create IPUIPlugin
2025-09-05 05:26:17,866 [INFO] PluginManager:220 - loadIPPluginJar : add tsc
2025-09-05 05:26:17,867 [INFO] IPUIPlugin:80 - create IPUIPlugin
2025-09-05 05:26:17,867 [INFO] PluginManager:220 - loadIPPluginJar : add ucpd
2025-09-05 05:26:17,869 [INFO] IPUIPlugin:80 - create IPUIPlugin
2025-09-05 05:26:17,869 [INFO] PluginManager:220 - loadIPPluginJar : add usart
2025-09-05 05:26:17,871 [INFO] IPUIPlugin:80 - create IPUIPlugin
2025-09-05 05:26:17,871 [INFO] PluginManager:220 - loadIPPluginJar : add usbx
2025-09-05 05:26:17,987 [FATAL] Updater:351 - Updater called before beeing initialized
2025-09-05 05:26:18,003 [INFO] RulesReader:64 - Compatibility file has been processed (301 Rules)
2025-09-05 05:26:18,010 [INFO] RulesReader:64 - Compatibility file has been processed (301 Rules)
2025-09-05 05:26:18,014 [INFO] CADModel:165 - CPN selected for project level
2025-09-05 05:26:18,014 [INFO] CADModel:114 - Register for checkConnection events
2025-09-05 05:26:18,014 [FATAL] Updater:351 - Updater called before beeing initialized
2025-09-05 05:26:18,015 [ERROR] CADModel:125 - Updater not yet initialized, retry later 
2025-09-05 05:26:18,104 [FATAL] Updater:351 - Updater called before beeing initialized
2025-09-05 05:26:18,105 [INFO] CADModel:165 - CPN selected for project level
2025-09-05 05:26:18,105 [INFO] CADModel:114 - Register for checkConnection events
2025-09-05 05:26:18,105 [FATAL] Updater:351 - Updater called before beeing initialized
2025-09-05 05:26:18,105 [ERROR] CADModel:125 - Updater not yet initialized, retry later 
2025-09-05 05:26:18,107 [FATAL] Updater:351 - Updater called before beeing initialized
2025-09-05 05:26:18,175 [FATAL] Updater:351 - Updater called before beeing initialized
2025-09-05 05:26:18,178 [INFO] DbMcusAds:53 - JSON generation date=Tue Jul 08 03:14:23 CDT 2025 (1751962463582)
2025-09-05 05:26:18,178 [FATAL] Updater:351 - Updater called before beeing initialized
2025-09-05 05:26:18,200 [WARN] DetailPanel:346 - Failed to get advertising image, set to default
2025-09-05 05:26:18,397 [FATAL] Updater:351 - Updater called before beeing initialized
2025-09-05 05:26:18,398 [FATAL] Updater:351 - Updater called before beeing initialized
2025-09-05 05:26:18,398 [FATAL] Updater:351 - Updater called before beeing initialized
2025-09-05 05:26:18,398 [WARN] DetailPanel:346 - Failed to get advertising image, set to default
2025-09-05 05:26:18,399 [FATAL] Updater:351 - Updater called before beeing initialized
2025-09-05 05:26:18,434 [ERROR] Updater:1198 - MainUpdater not yet initialized. External WinMGr cannot be set.
2025-09-05 05:26:18,435 [INFO] Updater:1134 - Updater Version found : 6.14.0
2025-09-05 05:26:18,448 [INFO] ApplicationProperties:184 - Using Application install path: C:\ST\STM32CubeIDE_1.18.0\STM32CubeIDE\plugins\com.st.stm32cube.common.mx_6.14.0.202502271554
2025-09-05 05:26:18,717 [INFO] MainUpdater:2872 - connection check result : 10
2025-09-05 05:26:18,717 [INFO] MainUpdater:289 - Updater Check For Update Now.
2025-09-05 05:26:18,717 [INFO] MicroXplorer:498 - Change Database Version : DB.6.0.140
2025-09-05 05:26:18,721 [INFO] McuFinderGlobals:63 - Set McuFinder mode to 2 (CubeIDE integrated)
2025-09-05 05:26:18,721 [INFO] UserAuth:486 - Internet connection configuration mode: 1
2025-09-05 05:26:18,732 [INFO] JxBrowserEngine:152 - Initiate JxBrowser Engine with user profile folder
2025-09-05 05:26:18,877 [INFO] CheckServerUpdateThread:120 - End of CheckServer Thread
2025-09-05 05:26:19,430 [INFO] WebApp:169 - Instantiating new browser for Auth
2025-09-05 05:26:19,914 [INFO] WebApp:463 - Apply proxy settings
2025-09-05 05:26:19,914 [INFO] WebApp:548 - Chromium requires no authentication
2025-09-05 05:26:19,922 [INFO] WebApp:491 - Direct internet connection detected
2025-09-05 05:26:19,938 [INFO] WebApp:894 - Register for checkConnection events
2025-09-05 05:26:19,939 [INFO] WebApp:463 - Apply proxy settings
2025-09-05 05:26:19,939 [INFO] WebApp:548 - Chromium requires no authentication
2025-09-05 05:26:19,939 [INFO] WebApp:491 - Direct internet connection detected
2025-09-05 05:26:20,051 [INFO] WebApp:225 - Starting web application
2025-09-05 05:26:20,051 [INFO] WebApp:593 - Web application path used C:\ST\STM32CubeIDE_1.18.0\STM32CubeIDE\plugins\com.st.stm32cube.common.mx_6.14.0.202502271554\db\plugins\mcufinder\reactClient1\index.html
2025-09-05 05:26:20,164 [INFO] UserAuth:486 - Internet connection configuration mode: 1
2025-09-05 05:26:20,181 [INFO] WebApp:191 - Connection restablished
2025-09-05 05:26:20,646 [WARN] PackLoader:240 - Cannot read IP mode file for STMicroelectronics.FP-SNS-MOTENVWB1.1.4.0
2025-09-05 05:26:20,653 [WARN] PackLoader:240 - Cannot read IP mode file for STMicroelectronics.FP-ATR-ASTRA1.2.0.2
2025-09-05 05:26:20,665 [WARN] PackLoader:240 - Cannot read IP mode file for STMicroelectronics.X-CUBE-SMBUS.2.1.0
2025-09-05 05:26:20,675 [WARN] PackLoader:240 - Cannot read IP mode file for STMicroelectronics.X-CUBE-WB05N.1.1.0
2025-09-05 05:26:20,684 [WARN] PackLoader:240 - Cannot read IP mode file for STMicroelectronics.X-CUBE-ST60.1.0.0
2025-09-05 05:26:20,713 [WARN] PackLoader:240 - Cannot read IP mode file for STMicroelectronics.X-CUBE-AZRTOS-F7.1.1.0
2025-09-05 05:26:20,721 [WARN] PackLoader:240 - Cannot read IP mode file for STMicroelectronics.FP-SNS-FLIGHT1.5.0.2
2025-09-05 05:26:20,746 [WARN] PackLoader:240 - Cannot read IP mode file for Infineon.AIROC-Wi-Fi-Bluetooth-STM32.1.7.0
2025-09-05 05:26:20,771 [WARN] PackLoader:240 - Cannot read IP mode file for STMicroelectronics.X-CUBE-AZRTOS-H7.3.4.0
2025-09-05 05:26:20,782 [WARN] PackLoader:240 - Cannot read IP mode file for STMicroelectronics.X-CUBE-DISPLAY.3.0.0
2025-09-05 05:26:20,790 [WARN] PackLoader:240 - Cannot read IP mode file for STMicroelectronics.X-CUBE-BLE1.7.0.0
2025-09-05 05:26:20,797 [WARN] PackLoader:240 - Cannot read IP mode file for STMicroelectronics.X-CUBE-NFC10.1.0.0
2025-09-05 05:26:20,805 [WARN] PackLoader:240 - Cannot read IP mode file for STMicroelectronics.X-CUBE-BLEMGR.4.0.0
2025-09-05 05:26:20,813 [WARN] PackLoader:240 - Cannot read IP mode file for emotas.I-CUBE-CANOPEN.1.3.0
2025-09-05 05:26:20,816 [WARN] PackLoader:240 - Cannot read IP mode file for STMicroelectronics.X-CUBE-AI.10.0.0
2025-09-05 05:26:20,820 [ERROR] Engine:466 - C:\Users\jaowe\.stm32cubemx\thirdparties\pdsc\STMicroelectronics.FP-SNS-STBOX1.2.1.0.pdsc: PDSC version is not supported
2025-09-05 05:26:20,823 [WARN] PackLoader:240 - Cannot read IP mode file for STMicroelectronics.FP-SNS-SMARTAG2.1.2.0
2025-09-05 05:26:20,826 [WARN] PackLoader:240 - Cannot read IP mode file for STMicroelectronics.FP-SNS-FLIGHT1.5.1.0
2025-09-05 05:26:20,878 [WARN] PackLoader:240 - Cannot read IP mode file for STMicroelectronics.X-CUBE-MEMS1.11.1.0
2025-09-05 05:26:20,988 [INFO] LogOutputStream:77 - [STDOUT_REDIRECT] 1 : Invalid condition id : UX_CORESTACK_Condition cause : null
2025-09-05 05:26:20,988 [INFO] LogOutputStream:77 - [STDOUT_REDIRECT] 1 : Invalid condition id : UX_CORESTACK_Condition cause : null
2025-09-05 05:26:20,989 [INFO] LogOutputStream:77 - [STDOUT_REDIRECT] 1 : Invalid condition id : UX_CORESTACK_Condition cause : null
2025-09-05 05:26:20,989 [INFO] LogOutputStream:77 - [STDOUT_REDIRECT] 1 : Invalid condition id : UX_CORESTACK_Condition cause : null
2025-09-05 05:26:20,990 [INFO] LogOutputStream:77 - [STDOUT_REDIRECT] 1 : Invalid condition id : UX_CORESTACK_Condition cause : null
2025-09-05 05:26:20,993 [WARN] PackLoader:240 - Cannot read IP mode file for STMicroelectronics.X-CUBE-AZRTOS-WL.2.0.0
2025-09-05 05:26:20,998 [WARN] PackLoader:240 - Cannot read IP mode file for STMicroelectronics.FP-SNS-MOTENV1.5.0.0
2025-09-05 05:26:21,003 [WARN] PackLoader:240 - Cannot read IP mode file for WES.I-CUBE-Cesium.1.3.0
2025-09-05 05:26:21,006 [WARN] PackLoader:240 - Cannot read IP mode file for STMicroelectronics.X-CUBE-BLE2.3.3.0
2025-09-05 05:26:21,013 [WARN] PackLoader:240 - Cannot read IP mode file for STMicroelectronics.X-CUBE-NFC9.1.0.0
2025-09-05 05:26:21,016 [WARN] PackLoader:240 - Cannot read IP mode file for STMicroelectronics.X-CUBE-BLE1.7.1.0
2025-09-05 05:26:21,019 [WARN] PackLoader:240 - Cannot read IP mode file for wolfSSL.I-CUBE-wolfMQTT.1.19.2
2025-09-05 05:26:21,022 [WARN] PackLoader:240 - Cannot read IP mode file for STMicroelectronics.X-CUBE-EEPRMA1.5.2.0
2025-09-05 05:26:21,025 [WARN] PackLoader:240 - Cannot read IP mode file for STMicroelectronics.X-CUBE-AI.10.1.0
2025-09-05 05:26:21,068 [WARN] PackLoader:240 - Cannot read IP mode file for STMicroelectronics.X-CUBE-MEMS1.11.2.0
2025-09-05 05:26:21,180 [WARN] PackLoader:240 - Cannot read IP mode file for STMicroelectronics.X-CUBE-AZRTOS-G0.1.1.0
2025-09-05 05:26:21,186 [WARN] PackLoader:240 - Cannot read IP mode file for STMicroelectronics.X-CUBE-SAFEA1.1.2.2
2025-09-05 05:26:21,190 [WARN] PackLoader:240 - Cannot read IP mode file for STMicroelectronics.X-CUBE-NFC4.3.0.0
2025-09-05 05:26:21,199 [WARN] PackLoader:240 - Cannot read IP mode file for EmbeddedOffice.I-CUBE-FS-RTOS.1.0.1
2025-09-05 05:26:21,202 [WARN] PackLoader:240 - Cannot read IP mode file for STMicroelectronics.X-CUBE-WB05N.2.0.0
2025-09-05 05:26:21,204 [WARN] PackLoader:240 - Cannot read IP mode file for wolfSSL.I-CUBE-wolfTPM.3.8.0
2025-09-05 05:26:21,207 [WARN] PackLoader:240 - Cannot read IP mode file for STMicroelectronics.X-CUBE-TCPP.4.2.0
2025-09-05 05:26:21,213 [WARN] PackLoader:240 - Cannot read IP mode file for RealThread.X-CUBE-RT-Thread_Nano.4.1.1
2025-09-05 05:26:21,215 [WARN] PackLoader:240 - Cannot read IP mode file for STMicroelectronics.FP-ATR-SIGFOX1.3.2.0
2025-09-05 05:26:21,217 [WARN] ConditionMgr:438 - getConditionDescription Invalid condition id : Cortex-A Device cause : null
2025-09-05 05:26:21,230 [WARN] ConditionMgr:1044 - genDependencies : Invalid condition id : Cortex-A Device cause : null
2025-09-05 05:26:21,230 [WARN] ConditionMgr:1044 - genDependencies : Invalid condition id : Cortex-A Device cause : null
2025-09-05 05:26:21,230 [WARN] ConditionMgr:1044 - genDependencies : Invalid condition id : Cortex-A Device cause : null
2025-09-05 05:26:21,233 [WARN] PackLoader:240 - Cannot read IP mode file for STMicroelectronics.X-CUBE-EEPRMA1.5.1.0
2025-09-05 05:26:21,237 [WARN] PackLoader:240 - Cannot read IP mode file for wolfSSL.I-CUBE-wolfSSL.5.7.6
2025-09-05 05:26:21,240 [WARN] PackLoader:240 - Cannot read IP mode file for ITTIA_DB.I-CUBE-ITTIADB.8.9.0
2025-09-05 05:26:21,247 [WARN] PackLoader:240 - Cannot read IP mode file for STMicroelectronics.X-CUBE-ST67W61.1.0.0
2025-09-05 05:26:21,249 [WARN] PackLoader:240 - Cannot read IP mode file for STMicroelectronics.X-CUBE-AI.10.2.0
2025-09-05 05:26:21,263 [WARN] PackLoader:240 - Cannot read IP mode file for SEGGER.I-CUBE-embOS.1.3.1
2025-09-05 05:26:21,311 [WARN] PackLoader:240 - Cannot read IP mode file for STMicroelectronics.X-CUBE-ALGOBUILD.1.4.0
2025-09-05 05:26:21,337 [WARN] PackLoader:240 - Cannot read IP mode file for STMicroelectronics.X-CUBE-MEMS1.11.3.0
2025-09-05 05:26:21,412 [WARN] PackLoader:240 - Cannot read IP mode file for STMicroelectronics.X-CUBE-PM33A1.1.0.0
2025-09-05 05:26:21,419 [WARN] PackLoader:240 - Cannot read IP mode file for STMicroelectronics.X-CUBE-AZRTOS-F4.1.1.0
2025-09-05 05:26:21,423 [WARN] PackLoader:240 - Cannot read IP mode file for Avnet-IotConnect.X-CUBE-IoTC-DA16k-PMOD.1.0.0
2025-09-05 05:26:21,427 [WARN] PackLoader:240 - Cannot read IP mode file for STMicroelectronics.X-CUBE-ISPU.2.1.0
2025-09-05 05:26:21,437 [WARN] PackLoader:240 - Cannot read IP mode file for STMicroelectronics.X-CUBE-NFC12.1.0.0
2025-09-05 05:26:21,448 [WARN] PackLoader:240 - Cannot read IP mode file for STMicroelectronics.X-CUBE-AZRTOS-L5.2.0.0
2025-09-05 05:26:21,453 [WARN] PackLoader:240 - Cannot read IP mode file for STMicroelectronics.X-CUBE-NFC6.3.1.0
2025-09-05 05:26:21,457 [WARN] PackLoader:240 - Cannot read IP mode file for STMicroelectronics.X-CUBE-DPower.1.2.0
2025-09-05 05:26:21,462 [WARN] PackLoader:240 - Cannot read IP mode file for STMicroelectronics.X-CUBE-FREERTOS.1.3.1
2025-09-05 05:26:21,464 [WARN] PackLoader:240 - Cannot read IP mode file for STMicroelectronics.X-CUBE-FREERTOS.1.3.0
2025-09-05 05:26:21,467 [WARN] PackLoader:240 - Cannot read IP mode file for STMicroelectronics.X-CUBE-NFC7.1.0.1
2025-09-05 05:26:21,469 [WARN] PackLoader:240 - Cannot read IP mode file for STMicroelectronics.FP-SNS-STAIOTCFT.1.0.0
2025-09-05 05:26:21,472 [WARN] PackLoader:240 - Cannot read IP mode file for STMicroelectronics.X-CUBE-DPower.1.3.0
2025-09-05 05:26:21,481 [WARN] ConditionMgr:438 - getConditionDescription Invalid condition id : LAN8742 Phy interface Condition cause : null
2025-09-05 05:26:21,482 [WARN] PackLoader:240 - Cannot read IP mode file for STMicroelectronics.X-CUBE-AZRTOS-L4.2.0.0
2025-09-05 05:26:21,483 [WARN] ConditionMgr:1044 - genDependencies : Invalid condition id : LAN8742 Phy interface Condition cause : null
2025-09-05 05:26:21,483 [WARN] ConditionMgr:1044 - genDependencies : Invalid condition id : LAN8742 Phy interface Condition cause : null
2025-09-05 05:26:21,483 [WARN] ConditionMgr:1044 - genDependencies : Invalid condition id : LAN8742 Phy interface Condition cause : null
2025-09-05 05:26:21,487 [WARN] PackLoader:240 - Cannot read IP mode file for STMicroelectronics.X-CUBE-SFXS2LP1.4.0.0
2025-09-05 05:26:21,499 [WARN] PackLoader:240 - Cannot read IP mode file for STMicroelectronics.X-CUBE-AZRTOS-H7.3.3.0
2025-09-05 05:26:21,505 [WARN] PackLoader:240 - Cannot read IP mode file for STMicroelectronics.X-CUBE-BLEMGR.4.1.0
2025-09-05 05:26:21,516 [WARN] ConditionMgr:438 - getConditionDescription Invalid condition id : UX DEVICE CLASS RTOS Condition cause : null
2025-09-05 05:26:21,516 [WARN] ConditionMgr:438 - getConditionDescription Invalid condition id : UX DEVICE CLASS RTOS Condition cause : null
2025-09-05 05:26:21,517 [WARN] PackLoader:240 - Cannot read IP mode file for STMicroelectronics.X-CUBE-AZRTOS-WB.2.0.0
2025-09-05 05:26:21,517 [WARN] ConditionMgr:1044 - genDependencies : Invalid condition id : UX DEVICE CLASS RTOS Condition cause : null
2025-09-05 05:26:21,517 [WARN] ConditionMgr:1044 - genDependencies : Invalid condition id : UX DEVICE CLASS RTOS Condition cause : null
2025-09-05 05:26:21,517 [WARN] ConditionMgr:1044 - genDependencies : Invalid condition id : UX DEVICE CLASS RTOS Condition cause : null
2025-09-05 05:26:21,517 [WARN] ConditionMgr:1044 - genDependencies : Invalid condition id : UX DEVICE CLASS RTOS Condition cause : null
2025-09-05 05:26:21,518 [WARN] ConditionMgr:1044 - genDependencies : Invalid condition id : UX DEVICE CLASS RTOS Condition cause : null
2025-09-05 05:26:21,521 [WARN] PackLoader:240 - Cannot read IP mode file for STMicroelectronics.X-CUBE-GNSS1.7.0.1
2025-09-05 05:26:21,526 [WARN] PackLoader:240 - Cannot read IP mode file for STMicroelectronics.X-CUBE-TOUCHGFX.4.25.0
2025-09-05 05:26:21,608 [WARN] PackLoader:240 - Cannot read IP mode file for STMicroelectronics.FP-SNS-STBOX1.2.0.0
2025-09-05 05:26:21,615 [WARN] PackLoader:240 - Cannot read IP mode file for STMicroelectronics.X-CUBE-SUBG2.5.0.0
2025-09-05 05:26:21,627 [WARN] PackLoader:240 - Cannot read IP mode file for STMicroelectronics.X-CUBE-AZRTOS-H7RS.1.1.0
2025-09-05 05:26:21,632 [WARN] PackLoader:240 - Cannot read IP mode file for Cesanta.I-CUBE-Mongoose.7.13.0
2025-09-05 05:26:21,637 [WARN] PackLoader:240 - Cannot read IP mode file for STMicroelectronics.X-CUBE-AZRTOS-G4.2.0.0
2025-09-05 05:26:21,640 [WARN] PackLoader:240 - Cannot read IP mode file for wolfSSL.I-CUBE-wolfSSH.1.4.20
2025-09-05 05:26:21,643 [WARN] PackLoader:240 - Cannot read IP mode file for STMicroelectronics.X-CUBE-NFC7.2.0.0
2025-09-05 05:26:21,651 [WARN] PackLoader:240 - Cannot read IP mode file for STMicroelectronics.X-CUBE-IPS.3.1.0
2025-09-05 05:26:21,656 [WARN] PackLoader:240 - Cannot read IP mode file for STMicroelectronics.X-CUBE-ALS.1.0.2
2025-09-05 05:26:21,657 [WARN] PackLoader:240 - Cannot read IP mode file for STMicroelectronics.X-CUBE-TOUCHGFX.4.24.2
2025-09-05 05:26:21,661 [WARN] PackLoader:240 - Cannot read IP mode file for portGmbH.I-Cube-SoM-uGOAL.1.1.0
2025-09-05 05:26:21,669 [WARN] PackLoader:240 - Cannot read IP mode file for STMicroelectronics.X-CUBE-AZRTOS-H7RS.1.0.0
2025-09-05 05:26:21,676 [WARN] PackLoader:240 - Cannot read IP mode file for STMicroelectronics.X-CUBE-TOF1.3.4.2
2025-09-05 05:26:21,698 [WARN] PackLoader:240 - Cannot read IP mode file for STMicroelectronics.X-CUBE-TOF1.3.4.3
2025-09-05 05:26:21,704 [INFO] ThirdParty:978 - Integrity check success = true
2025-09-05 05:26:21,704 [INFO] IntegrityCheckThread:100 - exiting critical section [integrity check]
2025-09-05 05:26:21,704 [INFO] IntegrityCheckThread:103 - End integrity checks thread
2025-09-05 05:26:30,249 [ERROR] LogOutputStream:75 - [STDERR_REDIRECT] 
