20:29:21 **** Incremental Build of configuration Debug for project DeltaTPlus_STM32WB55RG_090525 ****
make -j12 all 
arm-none-eabi-g++ "../Core/Src/main.cpp" -mcpu=cortex-m4 -std=gnu++14 -g3 -DDEBUG -DUSE_HAL_DRIVER -DSTM32WB55xx -c -I../Core/Inc -I../STM32_WPAN/App -I../USB_Device/App -I../USB_Device/Target -I../Drivers/STM32WBxx_HAL_Driver/Inc -I../Drivers/STM32WBxx_HAL_Driver/Inc/Legacy -I../Utilities/lpm/tiny_lpm -I../Middlewares/ST/STM32_WPAN -I../Middlewares/ST/STM32_WPAN/interface/patterns/ble_thread -I../Middlewares/ST/STM32_WPAN/interface/patterns/ble_thread/tl -I../Middlewares/ST/STM32_WPAN/interface/patterns/ble_thread/shci -I../Middlewares/ST/STM32_WPAN/utilities -I../Middlewares/ST/STM32_WPAN/ble/core -I../Middlewares/ST/STM32_WPAN/ble/core/auto -I../Middlewares/ST/STM32_WPAN/ble/core/template -I../Middlewares/ST/STM32_WPAN/ble/svc/Inc -I../Middlewares/ST/STM32_WPAN/ble/svc/Src -I../Middlewares/ST/STM32_USB_Device_Library/Core/Inc -I../Middlewares/ST/STM32_USB_Device_Library/Class/CDC/Inc -I../Drivers/CMSIS/Device/ST/STM32WBxx/Include -I../Utilities/sequencer -I../Middlewares/ST/STM32_WPAN/ble -I../Drivers/CMSIS/Include -I"C:/Users/jaowe/Documents/Projects/DeltaTPlus_STM32WB55RG_Workspace/DeltaTPlus_STM32WB55RG_090525/Adafruit_GFX_Library-1.12.0" -I"C:/Users/jaowe/Documents/Projects/DeltaTPlus_STM32WB55RG_Workspace/DeltaTPlus_STM32WB55RG_090525/Adafruit_MAX31856_Library" -I"C:/Users/jaowe/Documents/Projects/DeltaTPlus_STM32WB55RG_Workspace/DeltaTPlus_STM32WB55RG_090525/Adafruit_1704X_Library" -I"C:/Users/jaowe/Documents/Projects/DeltaTPlus_STM32WB55RG_Workspace/DeltaTPlus_STM32WB55RG_090525/Screen" -O0 -ffunction-sections -fdata-sections -fno-exceptions -fno-rtti -fno-use-cxa-atexit -Wall -pedantic -fstack-usage -fcyclomatic-complexity -MMD -MP -MF"Core/Src/main.d" -MT"Core/Src/main.o" --specs=nano.specs -mfpu=fpv4-sp-d16 -mfloat-abi=hard -mthumb -o "Core/Src/main.o"
In file included from ../Core/Src/main.cpp:38:
../Core/Inc/TEMP_MAX31856.h:59:1: warning: "/*" within comment [-Wcomment]
   59 | /** Noise filtering options enum. Use with setNoiseFilter()
      |  
../Core/Inc/TEMP_MAX31856.h:79:1: warning: "/*" within comment [-Wcomment]
   79 | /** Temperature conversion mode
      |  
../Core/Inc/TEMP_MAX31856.h:128:3: warning: "/*" within comment [-Wcomment]
  128 | } /* extern "C"
      |    
arm-none-eabi-g++ -o "DeltaTPlus_STM32WB55RG_090525.elf" @"objects.list"   -mcpu=cortex-m4 -T"C:\Users\jaowe\Documents\Projects\DeltaTPlus_STM32WB55RG_Workspace\DeltaTPlus_STM32WB55RG_090525\STM32WB55RGVX_FLASH.ld" -Wl,-Map="DeltaTPlus_STM32WB55RG_090525.map" -Wl,--gc-sections -static --specs=nano.specs -mfpu=fpv4-sp-d16 -mfloat-abi=hard -mthumb -u _printf_float -Wl,--start-group -lc -lm -lstdc++ -lsupc++ -Wl,--end-group
Finished building target: DeltaTPlus_STM32WB55RG_090525.elf
 
arm-none-eabi-size  DeltaTPlus_STM32WB55RG_090525.elf 
arm-none-eabi-objdump -h -S DeltaTPlus_STM32WB55RG_090525.elf  > "DeltaTPlus_STM32WB55RG_090525.list"
   text	   data	    bss	    dec	    hex	filename
 121760	   3021	  14907	 139688	  221a8	DeltaTPlus_STM32WB55RG_090525.elf
Finished building: default.size.stdout
 
Finished building: DeltaTPlus_STM32WB55RG_090525.list
 

20:29:22 Build Finished. 0 errors, 3 warnings. (took 1s.815ms)

