05:30:05 **** Incremental Build of configuration Debug for project DeltaTPlus_STM32WB55RG_090525 ****
make -j12 all 
arm-none-eabi-gcc "../AD7124/ad7124.c" -mcpu=cortex-m4 -std=gnu11 -g3 -DDEBUG -DUSE_HAL_DRIVER -DSTM32WB55xx -c -I../Core/Inc -I../STM32_WPAN/App -I../USB_Device/App -I../USB_Device/Target -I../Drivers/STM32WBxx_HAL_Driver/Inc -I../Drivers/STM32WBxx_HAL_Driver/Inc/Legacy -I../Utilities/lpm/tiny_lpm -I../Middlewares/ST/STM32_WPAN -I../Middlewares/ST/STM32_WPAN/interface/patterns/ble_thread -I../Middlewares/ST/STM32_WPAN/interface/patterns/ble_thread/tl -I../Middlewares/ST/STM32_WPAN/interface/patterns/ble_thread/shci -I../Middlewares/ST/STM32_WPAN/utilities -I../Middlewares/ST/STM32_WPAN/ble/core -I../Middlewares/ST/STM32_WPAN/ble/core/auto -I../Middlewares/ST/STM32_WPAN/ble/core/template -I../Middlewares/ST/STM32_WPAN/ble/svc/Inc -I../Middlewares/ST/STM32_WPAN/ble/svc/Src -I../Middlewares/ST/STM32_USB_Device_Library/Core/Inc -I../Drivers/CMSIS/Device/ST/STM32WBxx/Include -I../Utilities/sequencer -I../Middlewares/ST/STM32_WPAN/ble -I../Drivers/CMSIS/Include -I"C:/Users/jaowe/Documents/Projects/DeltaTPlus_STM32WB55RG_Workspace/DeltaTPlus_STM32WB55RG_090525/Adafruit_GFX_Library-1.12.0" -I"C:/Users/jaowe/Documents/Projects/DeltaTPlus_STM32WB55RG_Workspace/DeltaTPlus_STM32WB55RG_090525/Adafruit_MAX31856_Library" -I"C:/Users/jaowe/Documents/Projects/DeltaTPlus_STM32WB55RG_Workspace/DeltaTPlus_STM32WB55RG_090525/Adafruit_1704X_Library" -I"C:/Users/jaowe/Documents/Projects/DeltaTPlus_STM32WB55RG_Workspace/DeltaTPlus_STM32WB55RG_090525/Screen" -I../Middlewares/ST/STM32_USB_Device_Library/Class/DFU/Inc -I"C:/Users/jaowe/Documents/Projects/DeltaTPlus_STM32WB55RG_Workspace/DeltaTPlus_STM32WB55RG_090525/AD7124" -O0 -ffunction-sections -fdata-sections -Wall -pedantic -fstack-usage -fcyclomatic-complexity -MMD -MP -MF"AD7124/ad7124.d" -MT"AD7124/ad7124.o" --specs=nano.specs -mfpu=fpv4-sp-d16 -mfloat-abi=hard -mthumb -o "AD7124/ad7124.o"
arm-none-eabi-g++ -o "DeltaTPlus_STM32WB55RG_090525.elf" @"objects.list"   -mcpu=cortex-m4 -T"C:\Users\jaowe\Documents\Projects\DeltaTPlus_STM32WB55RG_Workspace\DeltaTPlus_STM32WB55RG_090525\STM32WB55RGVX_FLASH.ld" -Wl,-Map="DeltaTPlus_STM32WB55RG_090525.map" -Wl,--gc-sections -static --specs=nano.specs -mfpu=fpv4-sp-d16 -mfloat-abi=hard -mthumb -u _printf_float -Wl,--start-group -lc -lm -lstdc++ -lsupc++ -Wl,--end-group
Finished building target: DeltaTPlus_STM32WB55RG_090525.elf
 
arm-none-eabi-size  DeltaTPlus_STM32WB55RG_090525.elf 
arm-none-eabi-objdump -h -S DeltaTPlus_STM32WB55RG_090525.elf  > "DeltaTPlus_STM32WB55RG_090525.list"
   text	   data	    bss	    dec	    hex	filename
 124444	   2989	  11707	 139140	  21f84	DeltaTPlus_STM32WB55RG_090525.elf
Finished building: default.size.stdout
 
Finished building: DeltaTPlus_STM32WB55RG_090525.list
 
05:30:08 **** Incremental Build of configuration Debug for project DeltaTPlus_STM32WB55RG_090525 ****
make -j12 all 
arm-none-eabi-size  DeltaTPlus_STM32WB55RG_090525.elf 
   text	   data	    bss	    dec	    hex	filename
 124444	   2989	  11707	 139140	  21f84	DeltaTPlus_STM32WB55RG_090525.elf
Finished building: default.size.stdout
 
05:30:53 **** Incremental Build of configuration Debug for project DeltaTPlus_STM32WB55RG_090525 ****
make -j12 all 
arm-none-eabi-g++ "../Screen/UpdateMeter.cpp" -mcpu=cortex-m4 -std=gnu++14 -g3 -DDEBUG -DUSE_HAL_DRIVER -DSTM32WB55xx -c -I../Core/Inc -I../STM32_WPAN/App -I../USB_Device/App -I../USB_Device/Target -I../Drivers/STM32WBxx_HAL_Driver/Inc -I../Drivers/STM32WBxx_HAL_Driver/Inc/Legacy -I../Utilities/lpm/tiny_lpm -I../Middlewares/ST/STM32_WPAN -I../Middlewares/ST/STM32_WPAN/interface/patterns/ble_thread -I../Middlewares/ST/STM32_WPAN/interface/patterns/ble_thread/tl -I../Middlewares/ST/STM32_WPAN/interface/patterns/ble_thread/shci -I../Middlewares/ST/STM32_WPAN/utilities -I../Middlewares/ST/STM32_WPAN/ble/core -I../Middlewares/ST/STM32_WPAN/ble/core/auto -I../Middlewares/ST/STM32_WPAN/ble/core/template -I../Middlewares/ST/STM32_WPAN/ble/svc/Inc -I../Middlewares/ST/STM32_WPAN/ble/svc/Src -I../Middlewares/ST/STM32_USB_Device_Library/Core/Inc -I../Drivers/CMSIS/Device/ST/STM32WBxx/Include -I../Utilities/sequencer -I../Middlewares/ST/STM32_WPAN/ble -I../Drivers/CMSIS/Include -I"C:/Users/jaowe/Documents/Projects/DeltaTPlus_STM32WB55RG_Workspace/DeltaTPlus_STM32WB55RG_090525/Adafruit_GFX_Library-1.12.0" -I"C:/Users/jaowe/Documents/Projects/DeltaTPlus_STM32WB55RG_Workspace/DeltaTPlus_STM32WB55RG_090525/Adafruit_MAX31856_Library" -I"C:/Users/jaowe/Documents/Projects/DeltaTPlus_STM32WB55RG_Workspace/DeltaTPlus_STM32WB55RG_090525/Adafruit_1704X_Library" -I"C:/Users/jaowe/Documents/Projects/DeltaTPlus_STM32WB55RG_Workspace/DeltaTPlus_STM32WB55RG_090525/Screen" -I../Middlewares/ST/STM32_USB_Device_Library/Class/DFU/Inc -O0 -ffunction-sections -fdata-sections -fno-exceptions -fno-rtti -fno-use-cxa-atexit -Wall -pedantic -fstack-usage -fcyclomatic-complexity -MMD -MP -MF"Screen/UpdateMeter.d" -MT"Screen/UpdateMeter.o" --specs=nano.specs -mfpu=fpv4-sp-d16 -mfloat-abi=hard -mthumb -o "Screen/UpdateMeter.o"
../Screen/UpdateMeter.cpp: In member function 'void Screen::updateMeter()':
../Screen/UpdateMeter.cpp:84:82: error: 'percent' is not a member of 'BatteryMonitor'
   84 |     snprintf(batteryBuffer, sizeof(batteryBuffer), "%d%%", (int)(BatteryMonitor::percent + 0.5f));
      |                                                                                  ^~~~~~~
../Screen/UpdateMeter.cpp:89:26: error: 'lastBatteryBuffer' was not declared in this scope; did you mean 'batteryBuffer'?
   89 |     canvas.getTextBounds(lastBatteryBuffer, batteryTextX, batteryTextY, &bx1, &by1, &bw, &bh);
      |                          ^~~~~~~~~~~~~~~~~
      |                          batteryBuffer
make: *** [Screen/subdir.mk:37: Screen/UpdateMeter.o] Error 1
"make -j12 all" terminated with exit code 2. Build might be incomplete.
05:33:04 **** Incremental Build of configuration Debug for project DeltaTPlus_STM32WB55RG_090525 ****
make -j12 all 
arm-none-eabi-g++ "../Screen/RenderMeter.cpp" -mcpu=cortex-m4 -std=gnu++14 -g3 -DDEBUG -DUSE_HAL_DRIVER -DSTM32WB55xx -c -I../Core/Inc -I../STM32_WPAN/App -I../USB_Device/App -I../USB_Device/Target -I../Drivers/STM32WBxx_HAL_Driver/Inc -I../Drivers/STM32WBxx_HAL_Driver/Inc/Legacy -I../Utilities/lpm/tiny_lpm -I../Middlewares/ST/STM32_WPAN -I../Middlewares/ST/STM32_WPAN/interface/patterns/ble_thread -I../Middlewares/ST/STM32_WPAN/interface/patterns/ble_thread/tl -I../Middlewares/ST/STM32_WPAN/interface/patterns/ble_thread/shci -I../Middlewares/ST/STM32_WPAN/utilities -I../Middlewares/ST/STM32_WPAN/ble/core -I../Middlewares/ST/STM32_WPAN/ble/core/auto -I../Middlewares/ST/STM32_WPAN/ble/core/template -I../Middlewares/ST/STM32_WPAN/ble/svc/Inc -I../Middlewares/ST/STM32_WPAN/ble/svc/Src -I../Middlewares/ST/STM32_USB_Device_Library/Core/Inc -I../Drivers/CMSIS/Device/ST/STM32WBxx/Include -I../Utilities/sequencer -I../Middlewares/ST/STM32_WPAN/ble -I../Drivers/CMSIS/Include -I"C:/Users/jaowe/Documents/Projects/DeltaTPlus_STM32WB55RG_Workspace/DeltaTPlus_STM32WB55RG_090525/Adafruit_GFX_Library-1.12.0" -I"C:/Users/jaowe/Documents/Projects/DeltaTPlus_STM32WB55RG_Workspace/DeltaTPlus_STM32WB55RG_090525/Adafruit_MAX31856_Library" -I"C:/Users/jaowe/Documents/Projects/DeltaTPlus_STM32WB55RG_Workspace/DeltaTPlus_STM32WB55RG_090525/Adafruit_1704X_Library" -I"C:/Users/jaowe/Documents/Projects/DeltaTPlus_STM32WB55RG_Workspace/DeltaTPlus_STM32WB55RG_090525/Screen" -I../Middlewares/ST/STM32_USB_Device_Library/Class/DFU/Inc -O0 -ffunction-sections -fdata-sections -fno-exceptions -fno-rtti -fno-use-cxa-atexit -Wall -pedantic -fstack-usage -fcyclomatic-complexity -MMD -MP -MF"Screen/RenderMeter.d" -MT"Screen/RenderMeter.o" --specs=nano.specs -mfpu=fpv4-sp-d16 -mfloat-abi=hard -mthumb -o "Screen/RenderMeter.o"
arm-none-eabi-g++ "../Screen/Screen.cpp" -mcpu=cortex-m4 -std=gnu++14 -g3 -DDEBUG -DUSE_HAL_DRIVER -DSTM32WB55xx -c -I../Core/Inc -I../STM32_WPAN/App -I../USB_Device/App -I../USB_Device/Target -I../Drivers/STM32WBxx_HAL_Driver/Inc -I../Drivers/STM32WBxx_HAL_Driver/Inc/Legacy -I../Utilities/lpm/tiny_lpm -I../Middlewares/ST/STM32_WPAN -I../Middlewares/ST/STM32_WPAN/interface/patterns/ble_thread -I../Middlewares/ST/STM32_WPAN/interface/patterns/ble_thread/tl -I../Middlewares/ST/STM32_WPAN/interface/patterns/ble_thread/shci -I../Middlewares/ST/STM32_WPAN/utilities -I../Middlewares/ST/STM32_WPAN/ble/core -I../Middlewares/ST/STM32_WPAN/ble/core/auto -I../Middlewares/ST/STM32_WPAN/ble/core/template -I../Middlewares/ST/STM32_WPAN/ble/svc/Inc -I../Middlewares/ST/STM32_WPAN/ble/svc/Src -I../Middlewares/ST/STM32_USB_Device_Library/Core/Inc -I../Drivers/CMSIS/Device/ST/STM32WBxx/Include -I../Utilities/sequencer -I../Middlewares/ST/STM32_WPAN/ble -I../Drivers/CMSIS/Include -I"C:/Users/jaowe/Documents/Projects/DeltaTPlus_STM32WB55RG_Workspace/DeltaTPlus_STM32WB55RG_090525/Adafruit_GFX_Library-1.12.0" -I"C:/Users/jaowe/Documents/Projects/DeltaTPlus_STM32WB55RG_Workspace/DeltaTPlus_STM32WB55RG_090525/Adafruit_MAX31856_Library" -I"C:/Users/jaowe/Documents/Projects/DeltaTPlus_STM32WB55RG_Workspace/DeltaTPlus_STM32WB55RG_090525/Adafruit_1704X_Library" -I"C:/Users/jaowe/Documents/Projects/DeltaTPlus_STM32WB55RG_Workspace/DeltaTPlus_STM32WB55RG_090525/Screen" -I../Middlewares/ST/STM32_USB_Device_Library/Class/DFU/Inc -O0 -ffunction-sections -fdata-sections -fno-exceptions -fno-rtti -fno-use-cxa-atexit -Wall -pedantic -fstack-usage -fcyclomatic-complexity -MMD -MP -MF"Screen/Screen.d" -MT"Screen/Screen.o" --specs=nano.specs -mfpu=fpv4-sp-d16 -mfloat-abi=hard -mthumb -o "Screen/Screen.o"
arm-none-eabi-g++ "../Screen/UpdateMeter.cpp" -mcpu=cortex-m4 -std=gnu++14 -g3 -DDEBUG -DUSE_HAL_DRIVER -DSTM32WB55xx -c -I../Core/Inc -I../STM32_WPAN/App -I../USB_Device/App -I../USB_Device/Target -I../Drivers/STM32WBxx_HAL_Driver/Inc -I../Drivers/STM32WBxx_HAL_Driver/Inc/Legacy -I../Utilities/lpm/tiny_lpm -I../Middlewares/ST/STM32_WPAN -I../Middlewares/ST/STM32_WPAN/interface/patterns/ble_thread -I../Middlewares/ST/STM32_WPAN/interface/patterns/ble_thread/tl -I../Middlewares/ST/STM32_WPAN/interface/patterns/ble_thread/shci -I../Middlewares/ST/STM32_WPAN/utilities -I../Middlewares/ST/STM32_WPAN/ble/core -I../Middlewares/ST/STM32_WPAN/ble/core/auto -I../Middlewares/ST/STM32_WPAN/ble/core/template -I../Middlewares/ST/STM32_WPAN/ble/svc/Inc -I../Middlewares/ST/STM32_WPAN/ble/svc/Src -I../Middlewares/ST/STM32_USB_Device_Library/Core/Inc -I../Drivers/CMSIS/Device/ST/STM32WBxx/Include -I../Utilities/sequencer -I../Middlewares/ST/STM32_WPAN/ble -I../Drivers/CMSIS/Include -I"C:/Users/jaowe/Documents/Projects/DeltaTPlus_STM32WB55RG_Workspace/DeltaTPlus_STM32WB55RG_090525/Adafruit_GFX_Library-1.12.0" -I"C:/Users/jaowe/Documents/Projects/DeltaTPlus_STM32WB55RG_Workspace/DeltaTPlus_STM32WB55RG_090525/Adafruit_MAX31856_Library" -I"C:/Users/jaowe/Documents/Projects/DeltaTPlus_STM32WB55RG_Workspace/DeltaTPlus_STM32WB55RG_090525/Adafruit_1704X_Library" -I"C:/Users/jaowe/Documents/Projects/DeltaTPlus_STM32WB55RG_Workspace/DeltaTPlus_STM32WB55RG_090525/Screen" -I../Middlewares/ST/STM32_USB_Device_Library/Class/DFU/Inc -O0 -ffunction-sections -fdata-sections -fno-exceptions -fno-rtti -fno-use-cxa-atexit -Wall -pedantic -fstack-usage -fcyclomatic-complexity -MMD -MP -MF"Screen/UpdateMeter.d" -MT"Screen/UpdateMeter.o" --specs=nano.specs -mfpu=fpv4-sp-d16 -mfloat-abi=hard -mthumb -o "Screen/UpdateMeter.o"
arm-none-eabi-g++ "../Core/Src/main.cpp" -mcpu=cortex-m4 -std=gnu++14 -g3 -DDEBUG -DUSE_HAL_DRIVER -DSTM32WB55xx -c -I../Core/Inc -I../STM32_WPAN/App -I../USB_Device/App -I../USB_Device/Target -I../Drivers/STM32WBxx_HAL_Driver/Inc -I../Drivers/STM32WBxx_HAL_Driver/Inc/Legacy -I../Utilities/lpm/tiny_lpm -I../Middlewares/ST/STM32_WPAN -I../Middlewares/ST/STM32_WPAN/interface/patterns/ble_thread -I../Middlewares/ST/STM32_WPAN/interface/patterns/ble_thread/tl -I../Middlewares/ST/STM32_WPAN/interface/patterns/ble_thread/shci -I../Middlewares/ST/STM32_WPAN/utilities -I../Middlewares/ST/STM32_WPAN/ble/core -I../Middlewares/ST/STM32_WPAN/ble/core/auto -I../Middlewares/ST/STM32_WPAN/ble/core/template -I../Middlewares/ST/STM32_WPAN/ble/svc/Inc -I../Middlewares/ST/STM32_WPAN/ble/svc/Src -I../Middlewares/ST/STM32_USB_Device_Library/Core/Inc -I../Drivers/CMSIS/Device/ST/STM32WBxx/Include -I../Utilities/sequencer -I../Middlewares/ST/STM32_WPAN/ble -I../Drivers/CMSIS/Include -I"C:/Users/jaowe/Documents/Projects/DeltaTPlus_STM32WB55RG_Workspace/DeltaTPlus_STM32WB55RG_090525/Adafruit_GFX_Library-1.12.0" -I"C:/Users/jaowe/Documents/Projects/DeltaTPlus_STM32WB55RG_Workspace/DeltaTPlus_STM32WB55RG_090525/Adafruit_MAX31856_Library" -I"C:/Users/jaowe/Documents/Projects/DeltaTPlus_STM32WB55RG_Workspace/DeltaTPlus_STM32WB55RG_090525/Adafruit_1704X_Library" -I"C:/Users/jaowe/Documents/Projects/DeltaTPlus_STM32WB55RG_Workspace/DeltaTPlus_STM32WB55RG_090525/Screen" -I../Middlewares/ST/STM32_USB_Device_Library/Class/DFU/Inc -O0 -ffunction-sections -fdata-sections -fno-exceptions -fno-rtti -fno-use-cxa-atexit -Wall -pedantic -fstack-usage -fcyclomatic-complexity -MMD -MP -MF"Core/Src/main.d" -MT"Core/Src/main.o" --specs=nano.specs -mfpu=fpv4-sp-d16 -mfloat-abi=hard -mthumb -o "Core/Src/main.o"
In file included from ../Core/Src/main.cpp:38:
../Core/Inc/TEMP_MAX31856.h:59:1: warning: "/*" within comment [-Wcomment]
   59 | /** Noise filtering options enum. Use with setNoiseFilter()
      |  
../Core/Inc/TEMP_MAX31856.h:79:1: warning: "/*" within comment [-Wcomment]
   79 | /** Temperature conversion mode
      |  
../Core/Inc/TEMP_MAX31856.h:128:3: warning: "/*" within comment [-Wcomment]
  128 | } /* extern "C"
      |    
../Screen/UpdateMeter.cpp: In member function 'void Screen::updateMeter()':
../Screen/UpdateMeter.cpp:83:80: error: 'percent' is not a member of 'BatteryMonitor'
   83 |     snprintf(batteryLevel, sizeof(batteryLevel), "%d%%", (int)(BatteryMonitor::percent + 0.5f));
      |                                                                                ^~~~~~~
../Screen/UpdateMeter.cpp:95:12: warning: passing argument 1 to 'restrict'-qualified parameter aliases with argument 2 [-Wrestrict]
   95 |     strcpy(lastBatteryLevel, lastBatteryLevel); // store for next erase
      |            ^~~~~~~~~~~~~~~~  ~~~~~~~~~~~~~~~~
make: *** [Screen/subdir.mk:37: Screen/UpdateMeter.o] Error 1
make: *** Waiting for unfinished jobs....
"make -j12 all" terminated with exit code 2. Build might be incomplete.
05:33:17 **** Incremental Build of configuration Debug for project DeltaTPlus_STM32WB55RG_090525 ****
make -j12 all 
arm-none-eabi-g++ "../Screen/UpdateMeter.cpp" -mcpu=cortex-m4 -std=gnu++14 -g3 -DDEBUG -DUSE_HAL_DRIVER -DSTM32WB55xx -c -I../Core/Inc -I../STM32_WPAN/App -I../USB_Device/App -I../USB_Device/Target -I../Drivers/STM32WBxx_HAL_Driver/Inc -I../Drivers/STM32WBxx_HAL_Driver/Inc/Legacy -I../Utilities/lpm/tiny_lpm -I../Middlewares/ST/STM32_WPAN -I../Middlewares/ST/STM32_WPAN/interface/patterns/ble_thread -I../Middlewares/ST/STM32_WPAN/interface/patterns/ble_thread/tl -I../Middlewares/ST/STM32_WPAN/interface/patterns/ble_thread/shci -I../Middlewares/ST/STM32_WPAN/utilities -I../Middlewares/ST/STM32_WPAN/ble/core -I../Middlewares/ST/STM32_WPAN/ble/core/auto -I../Middlewares/ST/STM32_WPAN/ble/core/template -I../Middlewares/ST/STM32_WPAN/ble/svc/Inc -I../Middlewares/ST/STM32_WPAN/ble/svc/Src -I../Middlewares/ST/STM32_USB_Device_Library/Core/Inc -I../Drivers/CMSIS/Device/ST/STM32WBxx/Include -I../Utilities/sequencer -I../Middlewares/ST/STM32_WPAN/ble -I../Drivers/CMSIS/Include -I"C:/Users/jaowe/Documents/Projects/DeltaTPlus_STM32WB55RG_Workspace/DeltaTPlus_STM32WB55RG_090525/Adafruit_GFX_Library-1.12.0" -I"C:/Users/jaowe/Documents/Projects/DeltaTPlus_STM32WB55RG_Workspace/DeltaTPlus_STM32WB55RG_090525/Adafruit_MAX31856_Library" -I"C:/Users/jaowe/Documents/Projects/DeltaTPlus_STM32WB55RG_Workspace/DeltaTPlus_STM32WB55RG_090525/Adafruit_1704X_Library" -I"C:/Users/jaowe/Documents/Projects/DeltaTPlus_STM32WB55RG_Workspace/DeltaTPlus_STM32WB55RG_090525/Screen" -I../Middlewares/ST/STM32_USB_Device_Library/Class/DFU/Inc -O0 -ffunction-sections -fdata-sections -fno-exceptions -fno-rtti -fno-use-cxa-atexit -Wall -pedantic -fstack-usage -fcyclomatic-complexity -MMD -MP -MF"Screen/UpdateMeter.d" -MT"Screen/UpdateMeter.o" --specs=nano.specs -mfpu=fpv4-sp-d16 -mfloat-abi=hard -mthumb -o "Screen/UpdateMeter.o"
../Screen/UpdateMeter.cpp: In member function 'void Screen::updateMeter()':
../Screen/UpdateMeter.cpp:95:12: warning: passing argument 1 to 'restrict'-qualified parameter aliases with argument 2 [-Wrestrict]
   95 |     strcpy(lastBatteryLevel, lastBatteryLevel); // store for next erase
      |            ^~~~~~~~~~~~~~~~  ~~~~~~~~~~~~~~~~
arm-none-eabi-g++ -o "DeltaTPlus_STM32WB55RG_090525.elf" @"objects.list"   -mcpu=cortex-m4 -T"C:\Users\jaowe\Documents\Projects\DeltaTPlus_STM32WB55RG_Workspace\DeltaTPlus_STM32WB55RG_090525\STM32WB55RGVX_FLASH.ld" -Wl,-Map="DeltaTPlus_STM32WB55RG_090525.map" -Wl,--gc-sections -static --specs=nano.specs -mfpu=fpv4-sp-d16 -mfloat-abi=hard -mthumb -u _printf_float -Wl,--start-group -lc -lm -lstdc++ -lsupc++ -Wl,--end-group
Finished building target: DeltaTPlus_STM32WB55RG_090525.elf
 
arm-none-eabi-size  DeltaTPlus_STM32WB55RG_090525.elf 
arm-none-eabi-objdump -h -S DeltaTPlus_STM32WB55RG_090525.elf  > "DeltaTPlus_STM32WB55RG_090525.list"
   text	   data	    bss	    dec	    hex	filename
 124668	   2989	  11739	 139396	  22084	DeltaTPlus_STM32WB55RG_090525.elf
Finished building: default.size.stdout
 
Finished building: DeltaTPlus_STM32WB55RG_090525.list
 
05:34:43 **** Incremental Build of configuration Debug for project DeltaTPlus_STM32WB55RG_090525 ****
make -j12 all 
arm-none-eabi-g++ "../Screen/UpdateMeter.cpp" -mcpu=cortex-m4 -std=gnu++14 -g3 -DDEBUG -DUSE_HAL_DRIVER -DSTM32WB55xx -c -I../Core/Inc -I../STM32_WPAN/App -I../USB_Device/App -I../USB_Device/Target -I../Drivers/STM32WBxx_HAL_Driver/Inc -I../Drivers/STM32WBxx_HAL_Driver/Inc/Legacy -I../Utilities/lpm/tiny_lpm -I../Middlewares/ST/STM32_WPAN -I../Middlewares/ST/STM32_WPAN/interface/patterns/ble_thread -I../Middlewares/ST/STM32_WPAN/interface/patterns/ble_thread/tl -I../Middlewares/ST/STM32_WPAN/interface/patterns/ble_thread/shci -I../Middlewares/ST/STM32_WPAN/utilities -I../Middlewares/ST/STM32_WPAN/ble/core -I../Middlewares/ST/STM32_WPAN/ble/core/auto -I../Middlewares/ST/STM32_WPAN/ble/core/template -I../Middlewares/ST/STM32_WPAN/ble/svc/Inc -I../Middlewares/ST/STM32_WPAN/ble/svc/Src -I../Middlewares/ST/STM32_USB_Device_Library/Core/Inc -I../Drivers/CMSIS/Device/ST/STM32WBxx/Include -I../Utilities/sequencer -I../Middlewares/ST/STM32_WPAN/ble -I../Drivers/CMSIS/Include -I"C:/Users/jaowe/Documents/Projects/DeltaTPlus_STM32WB55RG_Workspace/DeltaTPlus_STM32WB55RG_090525/Adafruit_GFX_Library-1.12.0" -I"C:/Users/jaowe/Documents/Projects/DeltaTPlus_STM32WB55RG_Workspace/DeltaTPlus_STM32WB55RG_090525/Adafruit_MAX31856_Library" -I"C:/Users/jaowe/Documents/Projects/DeltaTPlus_STM32WB55RG_Workspace/DeltaTPlus_STM32WB55RG_090525/Adafruit_1704X_Library" -I"C:/Users/jaowe/Documents/Projects/DeltaTPlus_STM32WB55RG_Workspace/DeltaTPlus_STM32WB55RG_090525/Screen" -I../Middlewares/ST/STM32_USB_Device_Library/Class/DFU/Inc -O0 -ffunction-sections -fdata-sections -fno-exceptions -fno-rtti -fno-use-cxa-atexit -Wall -pedantic -fstack-usage -fcyclomatic-complexity -MMD -MP -MF"Screen/UpdateMeter.d" -MT"Screen/UpdateMeter.o" --specs=nano.specs -mfpu=fpv4-sp-d16 -mfloat-abi=hard -mthumb -o "Screen/UpdateMeter.o"
../Screen/UpdateMeter.cpp: In member function 'void Screen::updateMeter()':
../Screen/UpdateMeter.cpp:95:12: warning: passing argument 1 to 'restrict'-qualified parameter aliases with argument 2 [-Wrestrict]
   95 |     strcpy(lastBatteryLevel, lastBatteryLevel); // store for next erase
      |            ^~~~~~~~~~~~~~~~  ~~~~~~~~~~~~~~~~
arm-none-eabi-g++ -o "DeltaTPlus_STM32WB55RG_090525.elf" @"objects.list"   -mcpu=cortex-m4 -T"C:\Users\jaowe\Documents\Projects\DeltaTPlus_STM32WB55RG_Workspace\DeltaTPlus_STM32WB55RG_090525\STM32WB55RGVX_FLASH.ld" -Wl,-Map="DeltaTPlus_STM32WB55RG_090525.map" -Wl,--gc-sections -static --specs=nano.specs -mfpu=fpv4-sp-d16 -mfloat-abi=hard -mthumb -u _printf_float -Wl,--start-group -lc -lm -lstdc++ -lsupc++ -Wl,--end-group
Finished building target: DeltaTPlus_STM32WB55RG_090525.elf
 
arm-none-eabi-size  DeltaTPlus_STM32WB55RG_090525.elf 
arm-none-eabi-objdump -h -S DeltaTPlus_STM32WB55RG_090525.elf  > "DeltaTPlus_STM32WB55RG_090525.list"
   text	   data	    bss	    dec	    hex	filename
 124644	   2989	  11739	 139372	  2206c	DeltaTPlus_STM32WB55RG_090525.elf
Finished building: default.size.stdout
 
Finished building: DeltaTPlus_STM32WB55RG_090525.list
 
05:37:04 **** Incremental Build of configuration Debug for project DeltaTPlus_STM32WB55RG_090525 ****
make -j12 all 
arm-none-eabi-g++ "../Screen/UpdateMeter.cpp" -mcpu=cortex-m4 -std=gnu++14 -g3 -DDEBUG -DUSE_HAL_DRIVER -DSTM32WB55xx -c -I../Core/Inc -I../STM32_WPAN/App -I../USB_Device/App -I../USB_Device/Target -I../Drivers/STM32WBxx_HAL_Driver/Inc -I../Drivers/STM32WBxx_HAL_Driver/Inc/Legacy -I../Utilities/lpm/tiny_lpm -I../Middlewares/ST/STM32_WPAN -I../Middlewares/ST/STM32_WPAN/interface/patterns/ble_thread -I../Middlewares/ST/STM32_WPAN/interface/patterns/ble_thread/tl -I../Middlewares/ST/STM32_WPAN/interface/patterns/ble_thread/shci -I../Middlewares/ST/STM32_WPAN/utilities -I../Middlewares/ST/STM32_WPAN/ble/core -I../Middlewares/ST/STM32_WPAN/ble/core/auto -I../Middlewares/ST/STM32_WPAN/ble/core/template -I../Middlewares/ST/STM32_WPAN/ble/svc/Inc -I../Middlewares/ST/STM32_WPAN/ble/svc/Src -I../Middlewares/ST/STM32_USB_Device_Library/Core/Inc -I../Drivers/CMSIS/Device/ST/STM32WBxx/Include -I../Utilities/sequencer -I../Middlewares/ST/STM32_WPAN/ble -I../Drivers/CMSIS/Include -I"C:/Users/jaowe/Documents/Projects/DeltaTPlus_STM32WB55RG_Workspace/DeltaTPlus_STM32WB55RG_090525/Adafruit_GFX_Library-1.12.0" -I"C:/Users/jaowe/Documents/Projects/DeltaTPlus_STM32WB55RG_Workspace/DeltaTPlus_STM32WB55RG_090525/Adafruit_MAX31856_Library" -I"C:/Users/jaowe/Documents/Projects/DeltaTPlus_STM32WB55RG_Workspace/DeltaTPlus_STM32WB55RG_090525/Adafruit_1704X_Library" -I"C:/Users/jaowe/Documents/Projects/DeltaTPlus_STM32WB55RG_Workspace/DeltaTPlus_STM32WB55RG_090525/Screen" -I../Middlewares/ST/STM32_USB_Device_Library/Class/DFU/Inc -O0 -ffunction-sections -fdata-sections -fno-exceptions -fno-rtti -fno-use-cxa-atexit -Wall -pedantic -fstack-usage -fcyclomatic-complexity -MMD -MP -MF"Screen/UpdateMeter.d" -MT"Screen/UpdateMeter.o" --specs=nano.specs -mfpu=fpv4-sp-d16 -mfloat-abi=hard -mthumb -o "Screen/UpdateMeter.o"
arm-none-eabi-g++ -o "DeltaTPlus_STM32WB55RG_090525.elf" @"objects.list"   -mcpu=cortex-m4 -T"C:\Users\jaowe\Documents\Projects\DeltaTPlus_STM32WB55RG_Workspace\DeltaTPlus_STM32WB55RG_090525\STM32WB55RGVX_FLASH.ld" -Wl,-Map="DeltaTPlus_STM32WB55RG_090525.map" -Wl,--gc-sections -static --specs=nano.specs -mfpu=fpv4-sp-d16 -mfloat-abi=hard -mthumb -u _printf_float -Wl,--start-group -lc -lm -lstdc++ -lsupc++ -Wl,--end-group
Finished building target: DeltaTPlus_STM32WB55RG_090525.elf
 
arm-none-eabi-size  DeltaTPlus_STM32WB55RG_090525.elf 
arm-none-eabi-objdump -h -S DeltaTPlus_STM32WB55RG_090525.elf  > "DeltaTPlus_STM32WB55RG_090525.list"
   text	   data	    bss	    dec	    hex	filename
 124644	   2989	  11739	 139372	  2206c	DeltaTPlus_STM32WB55RG_090525.elf
Finished building: default.size.stdout
 
Finished building: DeltaTPlus_STM32WB55RG_090525.list
 
05:39:20 **** Incremental Build of configuration Debug for project DeltaTPlus_STM32WB55RG_090525 ****
make -j12 all 
arm-none-eabi-g++ "../Screen/UpdateMeter.cpp" -mcpu=cortex-m4 -std=gnu++14 -g3 -DDEBUG -DUSE_HAL_DRIVER -DSTM32WB55xx -c -I../Core/Inc -I../STM32_WPAN/App -I../USB_Device/App -I../USB_Device/Target -I../Drivers/STM32WBxx_HAL_Driver/Inc -I../Drivers/STM32WBxx_HAL_Driver/Inc/Legacy -I../Utilities/lpm/tiny_lpm -I../Middlewares/ST/STM32_WPAN -I../Middlewares/ST/STM32_WPAN/interface/patterns/ble_thread -I../Middlewares/ST/STM32_WPAN/interface/patterns/ble_thread/tl -I../Middlewares/ST/STM32_WPAN/interface/patterns/ble_thread/shci -I../Middlewares/ST/STM32_WPAN/utilities -I../Middlewares/ST/STM32_WPAN/ble/core -I../Middlewares/ST/STM32_WPAN/ble/core/auto -I../Middlewares/ST/STM32_WPAN/ble/core/template -I../Middlewares/ST/STM32_WPAN/ble/svc/Inc -I../Middlewares/ST/STM32_WPAN/ble/svc/Src -I../Middlewares/ST/STM32_USB_Device_Library/Core/Inc -I../Drivers/CMSIS/Device/ST/STM32WBxx/Include -I../Utilities/sequencer -I../Middlewares/ST/STM32_WPAN/ble -I../Drivers/CMSIS/Include -I"C:/Users/jaowe/Documents/Projects/DeltaTPlus_STM32WB55RG_Workspace/DeltaTPlus_STM32WB55RG_090525/Adafruit_GFX_Library-1.12.0" -I"C:/Users/jaowe/Documents/Projects/DeltaTPlus_STM32WB55RG_Workspace/DeltaTPlus_STM32WB55RG_090525/Adafruit_MAX31856_Library" -I"C:/Users/jaowe/Documents/Projects/DeltaTPlus_STM32WB55RG_Workspace/DeltaTPlus_STM32WB55RG_090525/Adafruit_1704X_Library" -I"C:/Users/jaowe/Documents/Projects/DeltaTPlus_STM32WB55RG_Workspace/DeltaTPlus_STM32WB55RG_090525/Screen" -I../Middlewares/ST/STM32_USB_Device_Library/Class/DFU/Inc -O0 -ffunction-sections -fdata-sections -fno-exceptions -fno-rtti -fno-use-cxa-atexit -Wall -pedantic -fstack-usage -fcyclomatic-complexity -MMD -MP -MF"Screen/UpdateMeter.d" -MT"Screen/UpdateMeter.o" --specs=nano.specs -mfpu=fpv4-sp-d16 -mfloat-abi=hard -mthumb -o "Screen/UpdateMeter.o"
arm-none-eabi-g++ -o "DeltaTPlus_STM32WB55RG_090525.elf" @"objects.list"   -mcpu=cortex-m4 -T"C:\Users\jaowe\Documents\Projects\DeltaTPlus_STM32WB55RG_Workspace\DeltaTPlus_STM32WB55RG_090525\STM32WB55RGVX_FLASH.ld" -Wl,-Map="DeltaTPlus_STM32WB55RG_090525.map" -Wl,--gc-sections -static --specs=nano.specs -mfpu=fpv4-sp-d16 -mfloat-abi=hard -mthumb -u _printf_float -Wl,--start-group -lc -lm -lstdc++ -lsupc++ -Wl,--end-group
Finished building target: DeltaTPlus_STM32WB55RG_090525.elf
 
arm-none-eabi-size  DeltaTPlus_STM32WB55RG_090525.elf 
arm-none-eabi-objdump -h -S DeltaTPlus_STM32WB55RG_090525.elf  > "DeltaTPlus_STM32WB55RG_090525.list"
   text	   data	    bss	    dec	    hex	filename
 124644	   2989	  11739	 139372	  2206c	DeltaTPlus_STM32WB55RG_090525.elf
Finished building: default.size.stdout
 
Finished building: DeltaTPlus_STM32WB55RG_090525.list
 
05:40:34 **** Incremental Build of configuration Debug for project DeltaTPlus_STM32WB55RG_090525 ****
make -j12 all 
arm-none-eabi-g++ "../Screen/UpdateMeter.cpp" -mcpu=cortex-m4 -std=gnu++14 -g3 -DDEBUG -DUSE_HAL_DRIVER -DSTM32WB55xx -c -I../Core/Inc -I../STM32_WPAN/App -I../USB_Device/App -I../USB_Device/Target -I../Drivers/STM32WBxx_HAL_Driver/Inc -I../Drivers/STM32WBxx_HAL_Driver/Inc/Legacy -I../Utilities/lpm/tiny_lpm -I../Middlewares/ST/STM32_WPAN -I../Middlewares/ST/STM32_WPAN/interface/patterns/ble_thread -I../Middlewares/ST/STM32_WPAN/interface/patterns/ble_thread/tl -I../Middlewares/ST/STM32_WPAN/interface/patterns/ble_thread/shci -I../Middlewares/ST/STM32_WPAN/utilities -I../Middlewares/ST/STM32_WPAN/ble/core -I../Middlewares/ST/STM32_WPAN/ble/core/auto -I../Middlewares/ST/STM32_WPAN/ble/core/template -I../Middlewares/ST/STM32_WPAN/ble/svc/Inc -I../Middlewares/ST/STM32_WPAN/ble/svc/Src -I../Middlewares/ST/STM32_USB_Device_Library/Core/Inc -I../Drivers/CMSIS/Device/ST/STM32WBxx/Include -I../Utilities/sequencer -I../Middlewares/ST/STM32_WPAN/ble -I../Drivers/CMSIS/Include -I"C:/Users/jaowe/Documents/Projects/DeltaTPlus_STM32WB55RG_Workspace/DeltaTPlus_STM32WB55RG_090525/Adafruit_GFX_Library-1.12.0" -I"C:/Users/jaowe/Documents/Projects/DeltaTPlus_STM32WB55RG_Workspace/DeltaTPlus_STM32WB55RG_090525/Adafruit_MAX31856_Library" -I"C:/Users/jaowe/Documents/Projects/DeltaTPlus_STM32WB55RG_Workspace/DeltaTPlus_STM32WB55RG_090525/Adafruit_1704X_Library" -I"C:/Users/jaowe/Documents/Projects/DeltaTPlus_STM32WB55RG_Workspace/DeltaTPlus_STM32WB55RG_090525/Screen" -I../Middlewares/ST/STM32_USB_Device_Library/Class/DFU/Inc -O0 -ffunction-sections -fdata-sections -fno-exceptions -fno-rtti -fno-use-cxa-atexit -Wall -pedantic -fstack-usage -fcyclomatic-complexity -MMD -MP -MF"Screen/UpdateMeter.d" -MT"Screen/UpdateMeter.o" --specs=nano.specs -mfpu=fpv4-sp-d16 -mfloat-abi=hard -mthumb -o "Screen/UpdateMeter.o"
arm-none-eabi-g++ -o "DeltaTPlus_STM32WB55RG_090525.elf" @"objects.list"   -mcpu=cortex-m4 -T"C:\Users\jaowe\Documents\Projects\DeltaTPlus_STM32WB55RG_Workspace\DeltaTPlus_STM32WB55RG_090525\STM32WB55RGVX_FLASH.ld" -Wl,-Map="DeltaTPlus_STM32WB55RG_090525.map" -Wl,--gc-sections -static --specs=nano.specs -mfpu=fpv4-sp-d16 -mfloat-abi=hard -mthumb -u _printf_float -Wl,--start-group -lc -lm -lstdc++ -lsupc++ -Wl,--end-group
Finished building target: DeltaTPlus_STM32WB55RG_090525.elf
 
arm-none-eabi-size  DeltaTPlus_STM32WB55RG_090525.elf 
arm-none-eabi-objdump -h -S DeltaTPlus_STM32WB55RG_090525.elf  > "DeltaTPlus_STM32WB55RG_090525.list"
   text	   data	    bss	    dec	    hex	filename
 124644	   2989	  11739	 139372	  2206c	DeltaTPlus_STM32WB55RG_090525.elf
Finished building: default.size.stdout
 
Finished building: DeltaTPlus_STM32WB55RG_090525.list
 
05:43:45 **** Incremental Build of configuration Debug for project DeltaTPlus_STM32WB55RG_090525 ****
make -j12 all 
arm-none-eabi-g++ "../Screen/UpdateMeter.cpp" -mcpu=cortex-m4 -std=gnu++14 -g3 -DDEBUG -DUSE_HAL_DRIVER -DSTM32WB55xx -c -I../Core/Inc -I../STM32_WPAN/App -I../USB_Device/App -I../USB_Device/Target -I../Drivers/STM32WBxx_HAL_Driver/Inc -I../Drivers/STM32WBxx_HAL_Driver/Inc/Legacy -I../Utilities/lpm/tiny_lpm -I../Middlewares/ST/STM32_WPAN -I../Middlewares/ST/STM32_WPAN/interface/patterns/ble_thread -I../Middlewares/ST/STM32_WPAN/interface/patterns/ble_thread/tl -I../Middlewares/ST/STM32_WPAN/interface/patterns/ble_thread/shci -I../Middlewares/ST/STM32_WPAN/utilities -I../Middlewares/ST/STM32_WPAN/ble/core -I../Middlewares/ST/STM32_WPAN/ble/core/auto -I../Middlewares/ST/STM32_WPAN/ble/core/template -I../Middlewares/ST/STM32_WPAN/ble/svc/Inc -I../Middlewares/ST/STM32_WPAN/ble/svc/Src -I../Middlewares/ST/STM32_USB_Device_Library/Core/Inc -I../Drivers/CMSIS/Device/ST/STM32WBxx/Include -I../Utilities/sequencer -I../Middlewares/ST/STM32_WPAN/ble -I../Drivers/CMSIS/Include -I"C:/Users/jaowe/Documents/Projects/DeltaTPlus_STM32WB55RG_Workspace/DeltaTPlus_STM32WB55RG_090525/Adafruit_GFX_Library-1.12.0" -I"C:/Users/jaowe/Documents/Projects/DeltaTPlus_STM32WB55RG_Workspace/DeltaTPlus_STM32WB55RG_090525/Adafruit_MAX31856_Library" -I"C:/Users/jaowe/Documents/Projects/DeltaTPlus_STM32WB55RG_Workspace/DeltaTPlus_STM32WB55RG_090525/Adafruit_1704X_Library" -I"C:/Users/jaowe/Documents/Projects/DeltaTPlus_STM32WB55RG_Workspace/DeltaTPlus_STM32WB55RG_090525/Screen" -I../Middlewares/ST/STM32_USB_Device_Library/Class/DFU/Inc -O0 -ffunction-sections -fdata-sections -fno-exceptions -fno-rtti -fno-use-cxa-atexit -Wall -pedantic -fstack-usage -fcyclomatic-complexity -MMD -MP -MF"Screen/UpdateMeter.d" -MT"Screen/UpdateMeter.o" --specs=nano.specs -mfpu=fpv4-sp-d16 -mfloat-abi=hard -mthumb -o "Screen/UpdateMeter.o"
../Screen/UpdateMeter.cpp:37:47: warning: multi-character character constant [-Wmultichar]
   37 |         canvas.drawChar(chargingX, chargingY, '+ ', BACKGROUND_COLOR, BACKGROUND_COLOR, 1);
      |                                               ^~~~
../Screen/UpdateMeter.cpp:42:47: warning: multi-character character constant [-Wmultichar]
   42 |         canvas.drawChar(chargingX, chargingY, '+ ', TEXT_COLOR, BACKGROUND_COLOR, 1);
      |                                               ^~~~
../Screen/UpdateMeter.cpp: In member function 'void Screen::updateMeter()':
../Screen/UpdateMeter.cpp:13:54: warning: format '%f' expects argument of type 'double', but argument 4 has type 'int' [-Wformat=]
   13 |     snprintf(batteryLevel, sizeof(batteryLevel), "%.2f", BatteryMonitor::charge);
      |                                                   ~~~^   ~~~~~~~~~~~~~~~~~~~~~~
      |                                                      |                   |
      |                                                      double              int
      |                                                   %.2d
../Screen/UpdateMeter.cpp:37:47: warning: unsigned conversion from 'int' to 'unsigned char' changes value from '11040' to '32' [-Woverflow]
   37 |         canvas.drawChar(chargingX, chargingY, '+ ', BACKGROUND_COLOR, BACKGROUND_COLOR, 1);
      |                                               ^~~~
../Screen/UpdateMeter.cpp:42:47: warning: unsigned conversion from 'int' to 'unsigned char' changes value from '11040' to '32' [-Woverflow]
   42 |         canvas.drawChar(chargingX, chargingY, '+ ', TEXT_COLOR, BACKGROUND_COLOR, 1);
      |                                               ^~~~
arm-none-eabi-g++ -o "DeltaTPlus_STM32WB55RG_090525.elf" @"objects.list"   -mcpu=cortex-m4 -T"C:\Users\jaowe\Documents\Projects\DeltaTPlus_STM32WB55RG_Workspace\DeltaTPlus_STM32WB55RG_090525\STM32WB55RGVX_FLASH.ld" -Wl,-Map="DeltaTPlus_STM32WB55RG_090525.map" -Wl,--gc-sections -static --specs=nano.specs -mfpu=fpv4-sp-d16 -mfloat-abi=hard -mthumb -u _printf_float -Wl,--start-group -lc -lm -lstdc++ -lsupc++ -Wl,--end-group
Finished building target: DeltaTPlus_STM32WB55RG_090525.elf
 
arm-none-eabi-size  DeltaTPlus_STM32WB55RG_090525.elf 
arm-none-eabi-objdump -h -S DeltaTPlus_STM32WB55RG_090525.elf  > "DeltaTPlus_STM32WB55RG_090525.list"
   text	   data	    bss	    dec	    hex	filename
 125012	   2989	  11739	 139740	  221dc	DeltaTPlus_STM32WB55RG_090525.elf
Finished building: default.size.stdout
 
Finished building: DeltaTPlus_STM32WB55RG_090525.list
 
05:46:54 **** Incremental Build of configuration Debug for project DeltaTPlus_STM32WB55RG_090525 ****
make -j12 all 
arm-none-eabi-g++ "../Screen/UpdateMeter.cpp" -mcpu=cortex-m4 -std=gnu++14 -g3 -DDEBUG -DUSE_HAL_DRIVER -DSTM32WB55xx -c -I../Core/Inc -I../STM32_WPAN/App -I../USB_Device/App -I../USB_Device/Target -I../Drivers/STM32WBxx_HAL_Driver/Inc -I../Drivers/STM32WBxx_HAL_Driver/Inc/Legacy -I../Utilities/lpm/tiny_lpm -I../Middlewares/ST/STM32_WPAN -I../Middlewares/ST/STM32_WPAN/interface/patterns/ble_thread -I../Middlewares/ST/STM32_WPAN/interface/patterns/ble_thread/tl -I../Middlewares/ST/STM32_WPAN/interface/patterns/ble_thread/shci -I../Middlewares/ST/STM32_WPAN/utilities -I../Middlewares/ST/STM32_WPAN/ble/core -I../Middlewares/ST/STM32_WPAN/ble/core/auto -I../Middlewares/ST/STM32_WPAN/ble/core/template -I../Middlewares/ST/STM32_WPAN/ble/svc/Inc -I../Middlewares/ST/STM32_WPAN/ble/svc/Src -I../Middlewares/ST/STM32_USB_Device_Library/Core/Inc -I../Drivers/CMSIS/Device/ST/STM32WBxx/Include -I../Utilities/sequencer -I../Middlewares/ST/STM32_WPAN/ble -I../Drivers/CMSIS/Include -I"C:/Users/jaowe/Documents/Projects/DeltaTPlus_STM32WB55RG_Workspace/DeltaTPlus_STM32WB55RG_090525/Adafruit_GFX_Library-1.12.0" -I"C:/Users/jaowe/Documents/Projects/DeltaTPlus_STM32WB55RG_Workspace/DeltaTPlus_STM32WB55RG_090525/Adafruit_MAX31856_Library" -I"C:/Users/jaowe/Documents/Projects/DeltaTPlus_STM32WB55RG_Workspace/DeltaTPlus_STM32WB55RG_090525/Adafruit_1704X_Library" -I"C:/Users/jaowe/Documents/Projects/DeltaTPlus_STM32WB55RG_Workspace/DeltaTPlus_STM32WB55RG_090525/Screen" -I../Middlewares/ST/STM32_USB_Device_Library/Class/DFU/Inc -O0 -ffunction-sections -fdata-sections -fno-exceptions -fno-rtti -fno-use-cxa-atexit -Wall -pedantic -fstack-usage -fcyclomatic-complexity -MMD -MP -MF"Screen/UpdateMeter.d" -MT"Screen/UpdateMeter.o" --specs=nano.specs -mfpu=fpv4-sp-d16 -mfloat-abi=hard -mthumb -o "Screen/UpdateMeter.o"
../Screen/UpdateMeter.cpp:28:47: warning: multi-character character constant [-Wmultichar]
   28 |         canvas.drawChar(chargingX, chargingY, '+ ', BACKGROUND_COLOR, BACKGROUND_COLOR, 1);
      |                                               ^~~~
../Screen/UpdateMeter.cpp:33:47: warning: multi-character character constant [-Wmultichar]
   33 |         canvas.drawChar(chargingX, chargingY, '+ ', TEXT_COLOR, BACKGROUND_COLOR, 1);
      |                                               ^~~~
../Screen/UpdateMeter.cpp: In member function 'void Screen::updateMeter()':
../Screen/UpdateMeter.cpp:11:39: error: invalid conversion from 'uint16_t' {aka 'short unsigned int'} to 'const char*' [-fpermissive]
   11 |     tft.getTextBounds(BatteryMonitor::charge, 0, 0, &batteryTextX, &batteryTextY, &batteryW, &batteryH);
      |                       ~~~~~~~~~~~~~~~~^~~~~~
      |                                       |
      |                                       uint16_t {aka short unsigned int}
In file included from C:/Users/jaowe/Documents/Projects/DeltaTPlus_STM32WB55RG_Workspace/DeltaTPlus_STM32WB55RG_090525/Adafruit_GFX_Library-1.12.0/Fonts/FreeSerif9pt7b.h:2,
                 from ../Screen/Screen.hpp:6,
                 from ../Screen/UpdateMeter.cpp:3:
C:/Users/jaowe/Documents/Projects/DeltaTPlus_STM32WB55RG_Workspace/DeltaTPlus_STM32WB55RG_090525/Adafruit_GFX_Library-1.12.0/Adafruit_GFX.h:115:34: note:   initializing argument 1 of 'void Adafruit_GFX::getTextBounds(const char*, int16_t, int16_t, int16_t*, int16_t*, uint16_t*, uint16_t*)'
  115 |   void getTextBounds(const char *string, int16_t x, int16_t y, int16_t *x1,
      |                      ~~~~~~~~~~~~^~~~~~
../Screen/UpdateMeter.cpp:28:47: warning: unsigned conversion from 'int' to 'unsigned char' changes value from '11040' to '32' [-Woverflow]
   28 |         canvas.drawChar(chargingX, chargingY, '+ ', BACKGROUND_COLOR, BACKGROUND_COLOR, 1);
      |                                               ^~~~
../Screen/UpdateMeter.cpp:33:47: warning: unsigned conversion from 'int' to 'unsigned char' changes value from '11040' to '32' [-Woverflow]
   33 |         canvas.drawChar(chargingX, chargingY, '+ ', TEXT_COLOR, BACKGROUND_COLOR, 1);
      |                                               ^~~~
make: *** [Screen/subdir.mk:37: Screen/UpdateMeter.o] Error 1
"make -j12 all" terminated with exit code 2. Build might be incomplete.
05:48:28 **** Incremental Build of configuration Debug for project DeltaTPlus_STM32WB55RG_090525 ****
make -j12 all 
arm-none-eabi-g++ "../Screen/UpdateMeter.cpp" -mcpu=cortex-m4 -std=gnu++14 -g3 -DDEBUG -DUSE_HAL_DRIVER -DSTM32WB55xx -c -I../Core/Inc -I../STM32_WPAN/App -I../USB_Device/App -I../USB_Device/Target -I../Drivers/STM32WBxx_HAL_Driver/Inc -I../Drivers/STM32WBxx_HAL_Driver/Inc/Legacy -I../Utilities/lpm/tiny_lpm -I../Middlewares/ST/STM32_WPAN -I../Middlewares/ST/STM32_WPAN/interface/patterns/ble_thread -I../Middlewares/ST/STM32_WPAN/interface/patterns/ble_thread/tl -I../Middlewares/ST/STM32_WPAN/interface/patterns/ble_thread/shci -I../Middlewares/ST/STM32_WPAN/utilities -I../Middlewares/ST/STM32_WPAN/ble/core -I../Middlewares/ST/STM32_WPAN/ble/core/auto -I../Middlewares/ST/STM32_WPAN/ble/core/template -I../Middlewares/ST/STM32_WPAN/ble/svc/Inc -I../Middlewares/ST/STM32_WPAN/ble/svc/Src -I../Middlewares/ST/STM32_USB_Device_Library/Core/Inc -I../Drivers/CMSIS/Device/ST/STM32WBxx/Include -I../Utilities/sequencer -I../Middlewares/ST/STM32_WPAN/ble -I../Drivers/CMSIS/Include -I"C:/Users/jaowe/Documents/Projects/DeltaTPlus_STM32WB55RG_Workspace/DeltaTPlus_STM32WB55RG_090525/Adafruit_GFX_Library-1.12.0" -I"C:/Users/jaowe/Documents/Projects/DeltaTPlus_STM32WB55RG_Workspace/DeltaTPlus_STM32WB55RG_090525/Adafruit_MAX31856_Library" -I"C:/Users/jaowe/Documents/Projects/DeltaTPlus_STM32WB55RG_Workspace/DeltaTPlus_STM32WB55RG_090525/Adafruit_1704X_Library" -I"C:/Users/jaowe/Documents/Projects/DeltaTPlus_STM32WB55RG_Workspace/DeltaTPlus_STM32WB55RG_090525/Screen" -I../Middlewares/ST/STM32_USB_Device_Library/Class/DFU/Inc -O0 -ffunction-sections -fdata-sections -fno-exceptions -fno-rtti -fno-use-cxa-atexit -Wall -pedantic -fstack-usage -fcyclomatic-complexity -MMD -MP -MF"Screen/UpdateMeter.d" -MT"Screen/UpdateMeter.o" --specs=nano.specs -mfpu=fpv4-sp-d16 -mfloat-abi=hard -mthumb -o "Screen/UpdateMeter.o"
../Screen/UpdateMeter.cpp:29:47: warning: multi-character character constant [-Wmultichar]
   29 |         canvas.drawChar(chargingX, chargingY, '+ ', BACKGROUND_COLOR, BACKGROUND_COLOR, 1);
      |                                               ^~~~
../Screen/UpdateMeter.cpp:34:47: warning: multi-character character constant [-Wmultichar]
   34 |         canvas.drawChar(chargingX, chargingY, '+ ', TEXT_COLOR, BACKGROUND_COLOR, 1);
      |                                               ^~~~
../Screen/UpdateMeter.cpp: In member function 'void Screen::updateMeter()':
../Screen/UpdateMeter.cpp:19:5: error: 'canavs' was not declared in this scope; did you mean 'canvas'?
   19 |     canavs.fillRect(clearX, batteryY - batteryH + 1,
      |     ^~~~~~
      |     canvas
../Screen/UpdateMeter.cpp:29:47: warning: unsigned conversion from 'int' to 'unsigned char' changes value from '11040' to '32' [-Woverflow]
   29 |         canvas.drawChar(chargingX, chargingY, '+ ', BACKGROUND_COLOR, BACKGROUND_COLOR, 1);
      |                                               ^~~~
../Screen/UpdateMeter.cpp:34:47: warning: unsigned conversion from 'int' to 'unsigned char' changes value from '11040' to '32' [-Woverflow]
   34 |         canvas.drawChar(chargingX, chargingY, '+ ', TEXT_COLOR, BACKGROUND_COLOR, 1);
      |                                               ^~~~
make: *** [Screen/subdir.mk:37: Screen/UpdateMeter.o] Error 1
"make -j12 all" terminated with exit code 2. Build might be incomplete.
05:48:55 **** Incremental Build of configuration Debug for project DeltaTPlus_STM32WB55RG_090525 ****
make -j12 all 
arm-none-eabi-g++ "../Screen/UpdateMeter.cpp" -mcpu=cortex-m4 -std=gnu++14 -g3 -DDEBUG -DUSE_HAL_DRIVER -DSTM32WB55xx -c -I../Core/Inc -I../STM32_WPAN/App -I../USB_Device/App -I../USB_Device/Target -I../Drivers/STM32WBxx_HAL_Driver/Inc -I../Drivers/STM32WBxx_HAL_Driver/Inc/Legacy -I../Utilities/lpm/tiny_lpm -I../Middlewares/ST/STM32_WPAN -I../Middlewares/ST/STM32_WPAN/interface/patterns/ble_thread -I../Middlewares/ST/STM32_WPAN/interface/patterns/ble_thread/tl -I../Middlewares/ST/STM32_WPAN/interface/patterns/ble_thread/shci -I../Middlewares/ST/STM32_WPAN/utilities -I../Middlewares/ST/STM32_WPAN/ble/core -I../Middlewares/ST/STM32_WPAN/ble/core/auto -I../Middlewares/ST/STM32_WPAN/ble/core/template -I../Middlewares/ST/STM32_WPAN/ble/svc/Inc -I../Middlewares/ST/STM32_WPAN/ble/svc/Src -I../Middlewares/ST/STM32_USB_Device_Library/Core/Inc -I../Drivers/CMSIS/Device/ST/STM32WBxx/Include -I../Utilities/sequencer -I../Middlewares/ST/STM32_WPAN/ble -I../Drivers/CMSIS/Include -I"C:/Users/jaowe/Documents/Projects/DeltaTPlus_STM32WB55RG_Workspace/DeltaTPlus_STM32WB55RG_090525/Adafruit_GFX_Library-1.12.0" -I"C:/Users/jaowe/Documents/Projects/DeltaTPlus_STM32WB55RG_Workspace/DeltaTPlus_STM32WB55RG_090525/Adafruit_MAX31856_Library" -I"C:/Users/jaowe/Documents/Projects/DeltaTPlus_STM32WB55RG_Workspace/DeltaTPlus_STM32WB55RG_090525/Adafruit_1704X_Library" -I"C:/Users/jaowe/Documents/Projects/DeltaTPlus_STM32WB55RG_Workspace/DeltaTPlus_STM32WB55RG_090525/Screen" -I../Middlewares/ST/STM32_USB_Device_Library/Class/DFU/Inc -O0 -ffunction-sections -fdata-sections -fno-exceptions -fno-rtti -fno-use-cxa-atexit -Wall -pedantic -fstack-usage -fcyclomatic-complexity -MMD -MP -MF"Screen/UpdateMeter.d" -MT"Screen/UpdateMeter.o" --specs=nano.specs -mfpu=fpv4-sp-d16 -mfloat-abi=hard -mthumb -o "Screen/UpdateMeter.o"
../Screen/UpdateMeter.cpp:29:47: warning: multi-character character constant [-Wmultichar]
   29 |         canvas.drawChar(chargingX, chargingY, '+ ', BACKGROUND_COLOR, BACKGROUND_COLOR, 1);
      |                                               ^~~~
../Screen/UpdateMeter.cpp:34:47: warning: multi-character character constant [-Wmultichar]
   34 |         canvas.drawChar(chargingX, chargingY, '+ ', TEXT_COLOR, BACKGROUND_COLOR, 1);
      |                                               ^~~~
../Screen/UpdateMeter.cpp: In member function 'void Screen::updateMeter()':
../Screen/UpdateMeter.cpp:29:47: warning: unsigned conversion from 'int' to 'unsigned char' changes value from '11040' to '32' [-Woverflow]
   29 |         canvas.drawChar(chargingX, chargingY, '+ ', BACKGROUND_COLOR, BACKGROUND_COLOR, 1);
      |                                               ^~~~
../Screen/UpdateMeter.cpp:34:47: warning: unsigned conversion from 'int' to 'unsigned char' changes value from '11040' to '32' [-Woverflow]
   34 |         canvas.drawChar(chargingX, chargingY, '+ ', TEXT_COLOR, BACKGROUND_COLOR, 1);
      |                                               ^~~~
arm-none-eabi-g++ -o "DeltaTPlus_STM32WB55RG_090525.elf" @"objects.list"   -mcpu=cortex-m4 -T"C:\Users\jaowe\Documents\Projects\DeltaTPlus_STM32WB55RG_Workspace\DeltaTPlus_STM32WB55RG_090525\STM32WB55RGVX_FLASH.ld" -Wl,-Map="DeltaTPlus_STM32WB55RG_090525.map" -Wl,--gc-sections -static --specs=nano.specs -mfpu=fpv4-sp-d16 -mfloat-abi=hard -mthumb -u _printf_float -Wl,--start-group -lc -lm -lstdc++ -lsupc++ -Wl,--end-group
Finished building target: DeltaTPlus_STM32WB55RG_090525.elf
 
arm-none-eabi-size  DeltaTPlus_STM32WB55RG_090525.elf 
arm-none-eabi-objdump -h -S DeltaTPlus_STM32WB55RG_090525.elf  > "DeltaTPlus_STM32WB55RG_090525.list"
   text	   data	    bss	    dec	    hex	filename
 124884	   2989	  11739	 139612	  2215c	DeltaTPlus_STM32WB55RG_090525.elf
Finished building: default.size.stdout
 
Finished building: DeltaTPlus_STM32WB55RG_090525.list
 
05:50:45 **** Incremental Build of configuration Debug for project DeltaTPlus_STM32WB55RG_090525 ****
make -j12 all 
arm-none-eabi-g++ "../Screen/UpdateMeter.cpp" -mcpu=cortex-m4 -std=gnu++14 -g3 -DDEBUG -DUSE_HAL_DRIVER -DSTM32WB55xx -c -I../Core/Inc -I../STM32_WPAN/App -I../USB_Device/App -I../USB_Device/Target -I../Drivers/STM32WBxx_HAL_Driver/Inc -I../Drivers/STM32WBxx_HAL_Driver/Inc/Legacy -I../Utilities/lpm/tiny_lpm -I../Middlewares/ST/STM32_WPAN -I../Middlewares/ST/STM32_WPAN/interface/patterns/ble_thread -I../Middlewares/ST/STM32_WPAN/interface/patterns/ble_thread/tl -I../Middlewares/ST/STM32_WPAN/interface/patterns/ble_thread/shci -I../Middlewares/ST/STM32_WPAN/utilities -I../Middlewares/ST/STM32_WPAN/ble/core -I../Middlewares/ST/STM32_WPAN/ble/core/auto -I../Middlewares/ST/STM32_WPAN/ble/core/template -I../Middlewares/ST/STM32_WPAN/ble/svc/Inc -I../Middlewares/ST/STM32_WPAN/ble/svc/Src -I../Middlewares/ST/STM32_USB_Device_Library/Core/Inc -I../Drivers/CMSIS/Device/ST/STM32WBxx/Include -I../Utilities/sequencer -I../Middlewares/ST/STM32_WPAN/ble -I../Drivers/CMSIS/Include -I"C:/Users/jaowe/Documents/Projects/DeltaTPlus_STM32WB55RG_Workspace/DeltaTPlus_STM32WB55RG_090525/Adafruit_GFX_Library-1.12.0" -I"C:/Users/jaowe/Documents/Projects/DeltaTPlus_STM32WB55RG_Workspace/DeltaTPlus_STM32WB55RG_090525/Adafruit_MAX31856_Library" -I"C:/Users/jaowe/Documents/Projects/DeltaTPlus_STM32WB55RG_Workspace/DeltaTPlus_STM32WB55RG_090525/Adafruit_1704X_Library" -I"C:/Users/jaowe/Documents/Projects/DeltaTPlus_STM32WB55RG_Workspace/DeltaTPlus_STM32WB55RG_090525/Screen" -I../Middlewares/ST/STM32_USB_Device_Library/Class/DFU/Inc -O0 -ffunction-sections -fdata-sections -fno-exceptions -fno-rtti -fno-use-cxa-atexit -Wall -pedantic -fstack-usage -fcyclomatic-complexity -MMD -MP -MF"Screen/UpdateMeter.d" -MT"Screen/UpdateMeter.o" --specs=nano.specs -mfpu=fpv4-sp-d16 -mfloat-abi=hard -mthumb -o "Screen/UpdateMeter.o"
../Screen/UpdateMeter.cpp:29:47: warning: multi-character character constant [-Wmultichar]
   29 |         canvas.drawChar(chargingX, chargingY, '+ ', BACKGROUND_COLOR, BACKGROUND_COLOR, 1);
      |                                               ^~~~
../Screen/UpdateMeter.cpp:34:47: warning: multi-character character constant [-Wmultichar]
   34 |         canvas.drawChar(chargingX, chargingY, '+ ', TEXT_COLOR, BACKGROUND_COLOR, 1);
      |                                               ^~~~
../Screen/UpdateMeter.cpp: In member function 'void Screen::updateMeter()':
../Screen/UpdateMeter.cpp:29:47: warning: unsigned conversion from 'int' to 'unsigned char' changes value from '11040' to '32' [-Woverflow]
   29 |         canvas.drawChar(chargingX, chargingY, '+ ', BACKGROUND_COLOR, BACKGROUND_COLOR, 1);
      |                                               ^~~~
../Screen/UpdateMeter.cpp:34:47: warning: unsigned conversion from 'int' to 'unsigned char' changes value from '11040' to '32' [-Woverflow]
   34 |         canvas.drawChar(chargingX, chargingY, '+ ', TEXT_COLOR, BACKGROUND_COLOR, 1);
      |                                               ^~~~
arm-none-eabi-g++ -o "DeltaTPlus_STM32WB55RG_090525.elf" @"objects.list"   -mcpu=cortex-m4 -T"C:\Users\jaowe\Documents\Projects\DeltaTPlus_STM32WB55RG_Workspace\DeltaTPlus_STM32WB55RG_090525\STM32WB55RGVX_FLASH.ld" -Wl,-Map="DeltaTPlus_STM32WB55RG_090525.map" -Wl,--gc-sections -static --specs=nano.specs -mfpu=fpv4-sp-d16 -mfloat-abi=hard -mthumb -u _printf_float -Wl,--start-group -lc -lm -lstdc++ -lsupc++ -Wl,--end-group
Finished building target: DeltaTPlus_STM32WB55RG_090525.elf
 
arm-none-eabi-size  DeltaTPlus_STM32WB55RG_090525.elf 
arm-none-eabi-objdump -h -S DeltaTPlus_STM32WB55RG_090525.elf  > "DeltaTPlus_STM32WB55RG_090525.list"
   text	   data	    bss	    dec	    hex	filename
 124884	   2989	  11739	 139612	  2215c	DeltaTPlus_STM32WB55RG_090525.elf
Finished building: default.size.stdout
 
Finished building: DeltaTPlus_STM32WB55RG_090525.list
 
05:52:19 **** Incremental Build of configuration Debug for project DeltaTPlus_STM32WB55RG_090525 ****
make -j12 all 
arm-none-eabi-g++ "../Screen/RenderMeter.cpp" -mcpu=cortex-m4 -std=gnu++14 -g3 -DDEBUG -DUSE_HAL_DRIVER -DSTM32WB55xx -c -I../Core/Inc -I../STM32_WPAN/App -I../USB_Device/App -I../USB_Device/Target -I../Drivers/STM32WBxx_HAL_Driver/Inc -I../Drivers/STM32WBxx_HAL_Driver/Inc/Legacy -I../Utilities/lpm/tiny_lpm -I../Middlewares/ST/STM32_WPAN -I../Middlewares/ST/STM32_WPAN/interface/patterns/ble_thread -I../Middlewares/ST/STM32_WPAN/interface/patterns/ble_thread/tl -I../Middlewares/ST/STM32_WPAN/interface/patterns/ble_thread/shci -I../Middlewares/ST/STM32_WPAN/utilities -I../Middlewares/ST/STM32_WPAN/ble/core -I../Middlewares/ST/STM32_WPAN/ble/core/auto -I../Middlewares/ST/STM32_WPAN/ble/core/template -I../Middlewares/ST/STM32_WPAN/ble/svc/Inc -I../Middlewares/ST/STM32_WPAN/ble/svc/Src -I../Middlewares/ST/STM32_USB_Device_Library/Core/Inc -I../Drivers/CMSIS/Device/ST/STM32WBxx/Include -I../Utilities/sequencer -I../Middlewares/ST/STM32_WPAN/ble -I../Drivers/CMSIS/Include -I"C:/Users/jaowe/Documents/Projects/DeltaTPlus_STM32WB55RG_Workspace/DeltaTPlus_STM32WB55RG_090525/Adafruit_GFX_Library-1.12.0" -I"C:/Users/jaowe/Documents/Projects/DeltaTPlus_STM32WB55RG_Workspace/DeltaTPlus_STM32WB55RG_090525/Adafruit_MAX31856_Library" -I"C:/Users/jaowe/Documents/Projects/DeltaTPlus_STM32WB55RG_Workspace/DeltaTPlus_STM32WB55RG_090525/Adafruit_1704X_Library" -I"C:/Users/jaowe/Documents/Projects/DeltaTPlus_STM32WB55RG_Workspace/DeltaTPlus_STM32WB55RG_090525/Screen" -I../Middlewares/ST/STM32_USB_Device_Library/Class/DFU/Inc -O0 -ffunction-sections -fdata-sections -fno-exceptions -fno-rtti -fno-use-cxa-atexit -Wall -pedantic -fstack-usage -fcyclomatic-complexity -MMD -MP -MF"Screen/RenderMeter.d" -MT"Screen/RenderMeter.o" --specs=nano.specs -mfpu=fpv4-sp-d16 -mfloat-abi=hard -mthumb -o "Screen/RenderMeter.o"
../Screen/RenderMeter.cpp: In member function 'void Screen::renderMeter()':
../Screen/RenderMeter.cpp:45:52: warning: conversion lacks type at end of format [-Wformat=]
   45 |     snprintf(batteryLevel, sizeof(batteryLevel), "% %d\r\n", BatteryMonitor::charge);
      |                                                    ^
arm-none-eabi-g++ -o "DeltaTPlus_STM32WB55RG_090525.elf" @"objects.list"   -mcpu=cortex-m4 -T"C:\Users\jaowe\Documents\Projects\DeltaTPlus_STM32WB55RG_Workspace\DeltaTPlus_STM32WB55RG_090525\STM32WB55RGVX_FLASH.ld" -Wl,-Map="DeltaTPlus_STM32WB55RG_090525.map" -Wl,--gc-sections -static --specs=nano.specs -mfpu=fpv4-sp-d16 -mfloat-abi=hard -mthumb -u _printf_float -Wl,--start-group -lc -lm -lstdc++ -lsupc++ -Wl,--end-group
Finished building target: DeltaTPlus_STM32WB55RG_090525.elf
 
arm-none-eabi-size  DeltaTPlus_STM32WB55RG_090525.elf 
arm-none-eabi-objdump -h -S DeltaTPlus_STM32WB55RG_090525.elf  > "DeltaTPlus_STM32WB55RG_090525.list"
   text	   data	    bss	    dec	    hex	filename
 124924	   2989	  11739	 139652	  22184	DeltaTPlus_STM32WB55RG_090525.elf
Finished building: default.size.stdout
 
Finished building: DeltaTPlus_STM32WB55RG_090525.list
 
05:54:24 **** Incremental Build of configuration Debug for project DeltaTPlus_STM32WB55RG_090525 ****
make -j12 all 
arm-none-eabi-g++ "../Screen/Screen.cpp" -mcpu=cortex-m4 -std=gnu++14 -g3 -DDEBUG -DUSE_HAL_DRIVER -DSTM32WB55xx -c -I../Core/Inc -I../STM32_WPAN/App -I../USB_Device/App -I../USB_Device/Target -I../Drivers/STM32WBxx_HAL_Driver/Inc -I../Drivers/STM32WBxx_HAL_Driver/Inc/Legacy -I../Utilities/lpm/tiny_lpm -I../Middlewares/ST/STM32_WPAN -I../Middlewares/ST/STM32_WPAN/interface/patterns/ble_thread -I../Middlewares/ST/STM32_WPAN/interface/patterns/ble_thread/tl -I../Middlewares/ST/STM32_WPAN/interface/patterns/ble_thread/shci -I../Middlewares/ST/STM32_WPAN/utilities -I../Middlewares/ST/STM32_WPAN/ble/core -I../Middlewares/ST/STM32_WPAN/ble/core/auto -I../Middlewares/ST/STM32_WPAN/ble/core/template -I../Middlewares/ST/STM32_WPAN/ble/svc/Inc -I../Middlewares/ST/STM32_WPAN/ble/svc/Src -I../Middlewares/ST/STM32_USB_Device_Library/Core/Inc -I../Drivers/CMSIS/Device/ST/STM32WBxx/Include -I../Utilities/sequencer -I../Middlewares/ST/STM32_WPAN/ble -I../Drivers/CMSIS/Include -I"C:/Users/jaowe/Documents/Projects/DeltaTPlus_STM32WB55RG_Workspace/DeltaTPlus_STM32WB55RG_090525/Adafruit_GFX_Library-1.12.0" -I"C:/Users/jaowe/Documents/Projects/DeltaTPlus_STM32WB55RG_Workspace/DeltaTPlus_STM32WB55RG_090525/Adafruit_MAX31856_Library" -I"C:/Users/jaowe/Documents/Projects/DeltaTPlus_STM32WB55RG_Workspace/DeltaTPlus_STM32WB55RG_090525/Adafruit_1704X_Library" -I"C:/Users/jaowe/Documents/Projects/DeltaTPlus_STM32WB55RG_Workspace/DeltaTPlus_STM32WB55RG_090525/Screen" -I../Middlewares/ST/STM32_USB_Device_Library/Class/DFU/Inc -O0 -ffunction-sections -fdata-sections -fno-exceptions -fno-rtti -fno-use-cxa-atexit -Wall -pedantic -fstack-usage -fcyclomatic-complexity -MMD -MP -MF"Screen/Screen.d" -MT"Screen/Screen.o" --specs=nano.specs -mfpu=fpv4-sp-d16 -mfloat-abi=hard -mthumb -o "Screen/Screen.o"
arm-none-eabi-g++ -o "DeltaTPlus_STM32WB55RG_090525.elf" @"objects.list"   -mcpu=cortex-m4 -T"C:\Users\jaowe\Documents\Projects\DeltaTPlus_STM32WB55RG_Workspace\DeltaTPlus_STM32WB55RG_090525\STM32WB55RGVX_FLASH.ld" -Wl,-Map="DeltaTPlus_STM32WB55RG_090525.map" -Wl,--gc-sections -static --specs=nano.specs -mfpu=fpv4-sp-d16 -mfloat-abi=hard -mthumb -u _printf_float -Wl,--start-group -lc -lm -lstdc++ -lsupc++ -Wl,--end-group
Finished building target: DeltaTPlus_STM32WB55RG_090525.elf
 
arm-none-eabi-size  DeltaTPlus_STM32WB55RG_090525.elf 
arm-none-eabi-objdump -h -S DeltaTPlus_STM32WB55RG_090525.elf  > "DeltaTPlus_STM32WB55RG_090525.list"
   text	   data	    bss	    dec	    hex	filename
 124924	   2989	  11739	 139652	  22184	DeltaTPlus_STM32WB55RG_090525.elf
Finished building: default.size.stdout
 
Finished building: DeltaTPlus_STM32WB55RG_090525.list
 
05:54:37 **** Incremental Build of configuration Debug for project DeltaTPlus_STM32WB55RG_090525 ****
make -j12 all 
arm-none-eabi-size  DeltaTPlus_STM32WB55RG_090525.elf 
   text	   data	    bss	    dec	    hex	filename
 124924	   2989	  11739	 139652	  22184	DeltaTPlus_STM32WB55RG_090525.elf
Finished building: default.size.stdout
 
05:54:56 **** Incremental Build of configuration Debug for project DeltaTPlus_STM32WB55RG_090525 ****
make -j12 all 
arm-none-eabi-size  DeltaTPlus_STM32WB55RG_090525.elf 
   text	   data	    bss	    dec	    hex	filename
 124924	   2989	  11739	 139652	  22184	DeltaTPlus_STM32WB55RG_090525.elf
Finished building: default.size.stdout
 
